<?xml version="1.0" encoding="UTF-8"?>
<coverage generated="1785349853545" clover="3.2.0">
  <project timestamp="1785349853545" name="All files">
    <metrics statements="222" coveredstatements="157" conditionals="142" coveredconditionals="94" methods="121" coveredmethods="84" elements="485" coveredelements="335" complexity="0" loc="222" ncloc="222" packages="6" files="28" classes="28"/>
    <package name="components">
      <metrics statements="9" coveredstatements="7" conditionals="12" coveredconditionals="8" methods="3" coveredmethods="2"/>
      <file name="Navbar.tsx" path="/Volumes/SSD/Code with Mosh/Building App with Claude Code/Helpdesk/client/src/components/Navbar.tsx">
        <metrics statements="6" coveredstatements="4" conditionals="6" coveredconditionals="5" methods="2" coveredmethods="1"/>
        <line num="9" count="47" type="stmt"/>
        <line num="13" count="47" type="stmt"/>
        <line num="19" count="47" type="stmt"/>
        <line num="21" count="47" type="stmt"/>
        <line num="54" count="0" type="stmt"/>
        <line num="55" count="0" type="stmt"/>
      </file>
      <file name="ThemeToggle.tsx" path="/Volumes/SSD/Code with Mosh/Building App with Claude Code/Helpdesk/client/src/components/ThemeToggle.tsx">
        <metrics statements="3" coveredstatements="3" conditionals="6" coveredconditionals="3" methods="1" coveredmethods="1"/>
        <line num="6" count="47" type="stmt"/>
        <line num="7" count="47" type="stmt"/>
        <line num="9" count="47" type="stmt"/>
      </file>
    </package>
    <package name="components.members">
      <metrics statements="66" coveredstatements="54" conditionals="58" coveredconditionals="47" methods="30" coveredmethods="24"/>
      <file name="AddMemberDialog.tsx" path="/Volumes/SSD/Code with Mosh/Building App with Claude Code/Helpdesk/client/src/components/members/AddMemberDialog.tsx">
        <metrics statements="32" coveredstatements="22" conditionals="30" coveredconditionals="24" methods="12" coveredmethods="8"/>
        <line num="30" count="56" type="stmt"/>
        <line num="31" count="56" type="stmt"/>
        <line num="32" count="56" type="stmt"/>
        <line num="33" count="56" type="stmt"/>
        <line num="42" count="56" type="stmt"/>
        <line num="53" count="56" type="stmt"/>
        <line num="54" count="2" type="stmt"/>
        <line num="56" count="1" type="stmt"/>
        <line num="59" count="1" type="cond" truecount="1" falsecount="1"/>
        <line num="60" count="0" type="stmt"/>
        <line num="61" count="1" type="stmt"/>
        <line num="67" count="56" type="stmt"/>
        <line num="68" count="16" type="cond" truecount="2" falsecount="0"/>
        <line num="69" count="1" type="stmt"/>
        <line num="70" count="1" type="stmt"/>
        <line num="75" count="56" type="cond" truecount="4" falsecount="0"/>
        <line num="79" count="56" type="cond" truecount="2" falsecount="0"/>
        <line num="82" count="3" type="stmt"/>
        <line num="83" count="3" type="cond" truecount="1" falsecount="1"/>
        <line num="84" count="0" type="stmt"/>
        <line num="85" count="0" type="stmt"/>
        <line num="86" count="0" type="stmt"/>
        <line num="87" count="0" type="stmt"/>
        <line num="91" count="56" type="stmt"/>
        <line num="118" count="0" type="stmt"/>
        <line num="119" count="0" type="stmt"/>
        <line num="127" count="0" type="stmt"/>
        <line num="131" count="2" type="stmt"/>
        <line num="172" count="9" type="stmt"/>
        <line num="175" count="0" type="stmt"/>
        <line num="182" count="36" type="stmt"/>
        <line num="204" count="0" type="stmt"/>
      </file>
      <file name="MemberRoleSelect.tsx" path="/Volumes/SSD/Code with Mosh/Building App with Claude Code/Helpdesk/client/src/components/members/MemberRoleSelect.tsx">
        <metrics statements="9" coveredstatements="8" conditionals="6" coveredconditionals="4" methods="6" coveredmethods="5"/>
        <line num="23" count="31" type="stmt"/>
        <line num="25" count="31" type="stmt"/>
        <line num="26" count="1" type="stmt"/>
        <line num="28" count="1" type="stmt"/>
        <line num="31" count="1" type="cond" truecount="1" falsecount="1"/>
        <line num="35" count="0" type="stmt"/>
        <line num="38" count="31" type="stmt"/>
        <line num="43" count="1" type="stmt"/>
        <line num="55" count="124" type="stmt"/>
      </file>
      <file name="MemberStatusButton.tsx" path="/Volumes/SSD/Code with Mosh/Building App with Claude Code/Helpdesk/client/src/components/members/MemberStatusButton.tsx">
        <metrics statements="15" coveredstatements="14" conditionals="10" coveredconditionals="7" methods="7" coveredmethods="6"/>
        <line num="30" count="36" type="stmt"/>
        <line num="31" count="36" type="stmt"/>
        <line num="32" count="36" type="stmt"/>
        <line num="34" count="36" type="stmt"/>
        <line num="35" count="2" type="stmt"/>
        <line num="37" count="1" type="stmt"/>
        <line num="38" count="1" type="stmt"/>
        <line num="41" count="1" type="stmt"/>
        <line num="42" count="1" type="stmt"/>
        <line num="46" count="36" type="cond" truecount="2" falsecount="0"/>
        <line num="47" count="1" type="stmt"/>
        <line num="52" count="0" type="stmt"/>
        <line num="60" count="35" type="stmt"/>
        <line num="66" count="4" type="stmt"/>
        <line num="85" count="2" type="stmt"/>
      </file>
      <file name="MembersTable.tsx" path="/Volumes/SSD/Code with Mosh/Building App with Claude Code/Helpdesk/client/src/components/members/MembersTable.tsx">
        <metrics statements="8" coveredstatements="8" conditionals="11" coveredconditionals="11" methods="3" coveredmethods="3"/>
        <line num="21" count="1" type="stmt"/>
        <line num="30" count="15" type="stmt"/>
        <line num="31" count="30" type="cond" truecount="2" falsecount="0"/>
        <line num="34" count="15" type="stmt"/>
        <line num="48" count="30" type="stmt"/>
        <line num="49" count="30" type="stmt"/>
        <line num="50" count="30" type="cond" truecount="3" falsecount="0"/>
        <line num="52" count="30" type="stmt"/>
      </file>
      <file name="MembersTableSkeleton.tsx" path="/Volumes/SSD/Code with Mosh/Building App with Claude Code/Helpdesk/client/src/components/members/MembersTableSkeleton.tsx">
        <metrics statements="2" coveredstatements="2" conditionals="1" coveredconditionals="1" methods="2" coveredmethods="2"/>
        <line num="23" count="31" type="stmt"/>
        <line num="43" count="93" type="stmt"/>
      </file>
    </package>
    <package name="components.ui">
      <metrics statements="75" coveredstatements="51" conditionals="33" coveredconditionals="20" methods="58" coveredmethods="41"/>
      <file name="alert-dialog.tsx" path="/Volumes/SSD/Code with Mosh/Building App with Claude Code/Helpdesk/client/src/components/ui/alert-dialog.tsx">
        <metrics statements="13" coveredstatements="11" conditionals="3" coveredconditionals="3" methods="12" coveredmethods="10"/>
        <line num="1" count="1" type="stmt"/>
        <line num="10" count="35" type="stmt"/>
        <line num="14" count="0" type="stmt"/>
        <line num="20" count="35" type="stmt"/>
        <line num="29" count="7" type="stmt"/>
        <line num="48" count="35" type="stmt"/>
        <line num="68" count="7" type="stmt"/>
        <line num="84" count="7" type="stmt"/>
        <line num="100" count="0" type="stmt"/>
        <line num="116" count="7" type="stmt"/>
        <line num="132" count="7" type="stmt"/>
        <line num="148" count="7" type="stmt"/>
        <line num="164" count="7" type="stmt"/>
      </file>
      <file name="badge.tsx" path="/Volumes/SSD/Code with Mosh/Building App with Claude Code/Helpdesk/client/src/components/ui/badge.tsx">
        <metrics statements="2" coveredstatements="2" conditionals="1" coveredconditionals="1" methods="1" coveredmethods="1"/>
        <line num="7" count="1" type="stmt"/>
        <line num="36" count="30" type="stmt"/>
      </file>
      <file name="button.tsx" path="/Volumes/SSD/Code with Mosh/Building App with Claude Code/Helpdesk/client/src/components/ui/button.tsx">
        <metrics statements="2" coveredstatements="2" conditionals="2" coveredconditionals="2" methods="1" coveredmethods="1"/>
        <line num="6" count="1" type="stmt"/>
        <line num="49" count="223" type="stmt"/>
      </file>
      <file name="dialog.tsx" path="/Volumes/SSD/Code with Mosh/Building App with Claude Code/Helpdesk/client/src/components/ui/dialog.tsx">
        <metrics statements="10" coveredstatements="9" conditionals="6" coveredconditionals="5" methods="10" coveredmethods="9"/>
        <line num="9" count="56" type="stmt"/>
        <line num="13" count="56" type="stmt"/>
        <line num="17" count="56" type="stmt"/>
        <line num="21" count="0" type="stmt"/>
        <line num="28" count="10" type="stmt"/>
        <line num="48" count="56" type="stmt"/>
        <line num="82" count="10" type="stmt"/>
        <line num="99" count="10" type="stmt"/>
        <line num="119" count="10" type="stmt"/>
        <line num="135" count="10" type="stmt"/>
      </file>
      <file name="field.tsx" path="/Volumes/SSD/Code with Mosh/Building App with Claude Code/Helpdesk/client/src/components/ui/field.tsx">
        <metrics statements="24" coveredstatements="9" conditionals="14" coveredconditionals="3" methods="13" coveredmethods="5"/>
        <line num="9" count="0" type="stmt"/>
        <line num="26" count="0" type="stmt"/>
        <line num="40" count="9" type="stmt"/>
        <line num="52" count="1" type="stmt"/>
        <line num="75" count="27" type="stmt"/>
        <line num="87" count="0" type="stmt"/>
        <line num="103" count="27" type="stmt"/>
        <line num="117" count="0" type="stmt"/>
        <line num="130" count="0" type="stmt"/>
        <line num="151" count="0" type="stmt"/>
        <line num="182" count="2" type="stmt"/>
        <line num="183" count="2" type="cond" truecount="1" falsecount="1"/>
        <line num="184" count="2" type="stmt"/>
        <line num="187" count="0" type="cond" truecount="0" falsecount="2"/>
        <line num="188" count="0" type="stmt"/>
        <line num="191" count="0" type="stmt"/>
        <line num="192" count="0" type="stmt"/>
        <line num="195" count="0" type="cond" truecount="0" falsecount="2"/>
        <line num="196" count="0" type="stmt"/>
        <line num="199" count="0" type="stmt"/>
        <line num="203" count="0" type="cond" truecount="0" falsecount="2"/>
        <line num="209" count="2" type="cond" truecount="1" falsecount="1"/>
        <line num="210" count="0" type="stmt"/>
        <line num="213" count="2" type="stmt"/>
      </file>
      <file name="input.tsx" path="/Volumes/SSD/Code with Mosh/Building App with Claude Code/Helpdesk/client/src/components/ui/input.tsx">
        <metrics statements="1" coveredstatements="1" conditionals="0" coveredconditionals="0" methods="1" coveredmethods="1"/>
        <line num="7" count="18" type="stmt"/>
      </file>
      <file name="label.tsx" path="/Volumes/SSD/Code with Mosh/Building App with Claude Code/Helpdesk/client/src/components/ui/label.tsx">
        <metrics statements="1" coveredstatements="1" conditionals="0" coveredconditionals="0" methods="1" coveredmethods="1"/>
        <line num="6" count="27" type="stmt"/>
      </file>
      <file name="select.tsx" path="/Volumes/SSD/Code with Mosh/Building App with Claude Code/Helpdesk/client/src/components/ui/select.tsx">
        <metrics statements="11" coveredstatements="8" conditionals="6" coveredconditionals="6" methods="9" coveredmethods="6"/>
        <line num="1" count="1" type="stmt"/>
        <line num="9" count="1" type="stmt"/>
        <line num="12" count="0" type="stmt"/>
        <line num="22" count="40" type="stmt"/>
        <line num="39" count="40" type="stmt"/>
        <line num="73" count="40" type="stmt"/>
        <line num="102" count="0" type="stmt"/>
        <line num="116" count="8" type="stmt"/>
        <line num="143" count="0" type="stmt"/>
        <line num="156" count="2" type="stmt"/>
        <line num="175" count="2" type="stmt"/>
      </file>
      <file name="separator.tsx" path="/Volumes/SSD/Code with Mosh/Building App with Claude Code/Helpdesk/client/src/components/ui/separator.tsx">
        <metrics statements="2" coveredstatements="1" conditionals="1" coveredconditionals="0" methods="1" coveredmethods="0"/>
        <line num="1" count="1" type="stmt"/>
        <line num="12" count="0" type="stmt"/>
      </file>
      <file name="skeleton.tsx" path="/Volumes/SSD/Code with Mosh/Building App with Claude Code/Helpdesk/client/src/components/ui/skeleton.tsx">
        <metrics statements="1" coveredstatements="1" conditionals="0" coveredconditionals="0" methods="1" coveredmethods="1"/>
        <line num="4" count="558" type="stmt"/>
      </file>
      <file name="table.tsx" path="/Volumes/SSD/Code with Mosh/Building App with Claude Code/Helpdesk/client/src/components/ui/table.tsx">
        <metrics statements="8" coveredstatements="6" conditionals="0" coveredconditionals="0" methods="8" coveredmethods="6"/>
        <line num="6" count="46" type="stmt"/>
        <line num="21" count="46" type="stmt"/>
        <line num="31" count="46" type="stmt"/>
        <line num="41" count="0" type="stmt"/>
        <line num="54" count="169" type="stmt"/>
        <line num="67" count="276" type="stmt"/>
        <line num="80" count="738" type="stmt"/>
        <line num="96" count="0" type="stmt"/>
      </file>
    </package>
    <package name="lib">
      <metrics statements="62" coveredstatements="35" conditionals="27" coveredconditionals="8" methods="24" coveredmethods="11"/>
      <file name="api.ts" path="/Volumes/SSD/Code with Mosh/Building App with Claude Code/Helpdesk/client/src/lib/api.ts">
        <metrics statements="7" coveredstatements="2" conditionals="10" coveredconditionals="2" methods="1" coveredmethods="0"/>
        <line num="5" count="1" type="cond" truecount="2" falsecount="0"/>
        <line num="17" count="1" type="stmt"/>
        <line num="36" count="0" type="cond" truecount="0" falsecount="2"/>
        <line num="38" count="0" type="stmt"/>
        <line num="41" count="0" type="stmt"/>
        <line num="42" count="0" type="stmt"/>
        <line num="44" count="0" type="stmt"/>
      </file>
      <file name="auth-client.ts" path="/Volumes/SSD/Code with Mosh/Building App with Claude Code/Helpdesk/client/src/lib/auth-client.ts">
        <metrics statements="2" coveredstatements="2" conditionals="0" coveredconditionals="0" methods="0" coveredmethods="0"/>
        <line num="7" count="1" type="stmt"/>
        <line num="11" count="1" type="stmt"/>
      </file>
      <file name="me.ts" path="/Volumes/SSD/Code with Mosh/Building App with Claude Code/Helpdesk/client/src/lib/me.ts">
        <metrics statements="7" coveredstatements="1" conditionals="2" coveredconditionals="0" methods="3" coveredmethods="2"/>
        <line num="17" count="0" type="stmt"/>
        <line num="18" count="0" type="stmt"/>
        <line num="19" count="0" type="stmt"/>
        <line num="21" count="0" type="stmt"/>
        <line num="22" count="0" type="cond" truecount="0" falsecount="2"/>
        <line num="23" count="0" type="stmt"/>
        <line num="33" count="47" type="stmt"/>
      </file>
      <file name="members.ts" path="/Volumes/SSD/Code with Mosh/Building App with Claude Code/Helpdesk/client/src/lib/members.ts">
        <metrics statements="12" coveredstatements="4" conditionals="1" coveredconditionals="1" methods="8" coveredmethods="1"/>
        <line num="13" count="1" type="stmt"/>
        <line num="25" count="3" type="stmt"/>
        <line num="26" count="3" type="stmt"/>
        <line num="27" count="3" type="stmt"/>
        <line num="33" count="0" type="stmt"/>
        <line num="34" count="0" type="stmt"/>
        <line num="35" count="0" type="stmt"/>
        <line num="37" count="0" type="stmt"/>
        <line num="38" count="0" type="stmt"/>
        <line num="43" count="0" type="stmt"/>
        <line num="57" count="0" type="stmt"/>
        <line num="65" count="0" type="stmt"/>
      </file>
      <file name="schemas.ts" path="/Volumes/SSD/Code with Mosh/Building App with Claude Code/Helpdesk/client/src/lib/schemas.ts">
        <metrics statements="4" coveredstatements="4" conditionals="0" coveredconditionals="0" methods="0" coveredmethods="0"/>
        <line num="8" count="1" type="stmt"/>
        <line num="10" count="1" type="stmt"/>
        <line num="38" count="1" type="stmt"/>
        <line num="49" count="1" type="stmt"/>
      </file>
      <file name="theme-context.ts" path="/Volumes/SSD/Code with Mosh/Building App with Claude Code/Helpdesk/client/src/lib/theme-context.ts">
        <metrics statements="5" coveredstatements="5" conditionals="2" coveredconditionals="1" methods="1" coveredmethods="1"/>
        <line num="5" count="1" type="stmt"/>
        <line num="13" count="1" type="stmt"/>
        <line num="16" count="47" type="stmt"/>
        <line num="17" count="47" type="cond" truecount="1" falsecount="1"/>
        <line num="18" count="47" type="stmt"/>
      </file>
      <file name="theme.tsx" path="/Volumes/SSD/Code with Mosh/Building App with Claude Code/Helpdesk/client/src/lib/theme.tsx">
        <metrics statements="24" coveredstatements="16" conditionals="12" coveredconditionals="4" methods="10" coveredmethods="6"/>
        <line num="7" count="16" type="stmt"/>
        <line num="8" count="16" type="cond" truecount="3" falsecount="1"/>
        <line num="9" count="16" type="cond" truecount="1" falsecount="1"/>
        <line num="14" count="16" type="stmt"/>
        <line num="15" count="16" type="stmt"/>
        <line num="19" count="16" type="stmt"/>
        <line num="21" count="16" type="stmt"/>
        <line num="22" count="16" type="stmt"/>
        <line num="26" count="16" type="stmt"/>
        <line num="27" count="16" type="stmt"/>
        <line num="28" count="16" type="stmt"/>
        <line num="29" count="0" type="cond" truecount="0" falsecount="2"/>
        <line num="30" count="0" type="cond" truecount="0" falsecount="2"/>
        <line num="32" count="16" type="stmt"/>
        <line num="33" count="16" type="stmt"/>
        <line num="36" count="16" type="stmt"/>
        <line num="37" count="0" type="stmt"/>
        <line num="38" count="0" type="stmt"/>
        <line num="41" count="16" type="stmt"/>
        <line num="42" count="0" type="stmt"/>
        <line num="43" count="0" type="cond" truecount="0" falsecount="2"/>
        <line num="44" count="0" type="stmt"/>
        <line num="45" count="0" type="stmt"/>
        <line num="49" count="16" type="stmt"/>
      </file>
      <file name="utils.ts" path="/Volumes/SSD/Code with Mosh/Building App with Claude Code/Helpdesk/client/src/lib/utils.ts">
        <metrics statements="1" coveredstatements="1" conditionals="0" coveredconditionals="0" methods="1" coveredmethods="1"/>
        <line num="5" count="2564" type="stmt"/>
      </file>
    </package>
    <package name="pages">
      <metrics statements="6" coveredstatements="6" conditionals="12" coveredconditionals="11" methods="3" coveredmethods="3"/>
      <file name="UsersPage.tsx" path="/Volumes/SSD/Code with Mosh/Building App with Claude Code/Helpdesk/client/src/pages/UsersPage.tsx">
        <metrics statements="6" coveredstatements="6" conditionals="12" coveredconditionals="11" methods="3" coveredmethods="3"/>
        <line num="13" count="47" type="stmt"/>
        <line num="16" count="47" type="stmt"/>
        <line num="17" count="47" type="stmt"/>
        <line num="24" count="47" type="stmt"/>
        <line num="26" count="18" type="stmt"/>
        <line num="30" count="47" type="stmt"/>
      </file>
    </package>
    <package name="test">
      <metrics statements="4" coveredstatements="4" conditionals="0" coveredconditionals="0" methods="3" coveredmethods="3"/>
      <file name="render.tsx" path="/Volumes/SSD/Code with Mosh/Building App with Claude Code/Helpdesk/client/src/test/render.tsx">
        <metrics statements="4" coveredstatements="4" conditionals="0" coveredconditionals="0" methods="3" coveredmethods="3"/>
        <line num="13" count="16" type="stmt"/>
        <line num="27" count="16" type="stmt"/>
        <line num="30" count="16" type="stmt"/>
        <line num="39" count="16" type="stmt"/>
      </file>
    </package>
  </project>
</coverage>
