{"/Volumes/SSD/Code with Mosh/Building App with Claude Code/Helpdesk/client/src/components/Navbar.tsx": {"path":"/Volumes/SSD/Code with Mosh/Building App with Claude Code/Helpdesk/client/src/components/Navbar.tsx","statementMap":{"0":{"start":{"line":9,"column":22},"end":{"line":9,"column":37}},"1":{"start":{"line":13,"column":34},"end":{"line":17,"column":null}},"2":{"start":{"line":19,"column":18},"end":{"line":19,"column":null}},"3":{"start":{"line":21,"column":2},"end":{"line":76,"column":null}},"4":{"start":{"line":54,"column":18},"end":{"line":54,"column":null}},"5":{"start":{"line":55,"column":18},"end":{"line":55,"column":null}}},"fnMap":{"0":{"name":"Navbar","decl":{"start":{"line":8,"column":16},"end":{"line":8,"column":25}},"loc":{"start":{"line":8,"column":25},"end":{"line":78,"column":null}},"line":8},"1":{"name":"(anonymous_1)","decl":{"start":{"line":53,"column":25},"end":{"line":53,"column":37}},"loc":{"start":{"line":53,"column":37},"end":{"line":56,"column":null}},"line":53}},"branchMap":{"0":{"loc":{"start":{"line":35,"column":11},"end":{"line":41,"column":null}},"type":"binary-expr","locations":[{"start":{"line":35,"column":11},"end":{"line":35,"column":null}},{"start":{"line":36,"column":12},"end":{"line":41,"column":null}}],"line":35},"1":{"loc":{"start":{"line":46,"column":11},"end":{"line":72,"column":null}},"type":"cond-expr","locations":[{"start":{"line":46,"column":23},"end":{"line":46,"column":30}},{"start":{"line":46,"column":30},"end":{"line":72,"column":null}}],"line":46},"2":{"loc":{"start":{"line":46,"column":30},"end":{"line":72,"column":null}},"type":"cond-expr","locations":[{"start":{"line":47,"column":12},"end":{"line":62,"column":null}},{"start":{"line":62,"column":12},"end":{"line":72,"column":null}}],"line":46}},"s":{"0":47,"1":47,"2":47,"3":47,"4":0,"5":0},"f":{"0":47,"1":0},"b":{"0":[47,31],"1":[16,31],"2":[31,0]},"meta":{"lastBranch":3,"lastFunction":2,"lastStatement":6,"seen":{"f:8:16:8:25":0,"s:9:22:9:37":0,"s:13:34:17:Infinity":1,"s:19:18:19:Infinity":2,"s:21:2:76:Infinity":3,"b:35:11:35:Infinity:36:12:41:Infinity":0,"b:46:23:46:30:46:30:72:Infinity":1,"b:47:12:62:Infinity:62:12:72:Infinity":2,"f:53:25:53:37":1,"s:54:18:54:Infinity":4,"s:55:18:55:Infinity":5},"fnNames":{}}}
,"/Volumes/SSD/Code with Mosh/Building App with Claude Code/Helpdesk/client/src/components/ThemeToggle.tsx": {"path":"/Volumes/SSD/Code with Mosh/Building App with Claude Code/Helpdesk/client/src/components/ThemeToggle.tsx","statementMap":{"0":{"start":{"line":6,"column":33},"end":{"line":6,"column":42}},"1":{"start":{"line":7,"column":17},"end":{"line":7,"column":null}},"2":{"start":{"line":9,"column":2},"end":{"line":19,"column":null}}},"fnMap":{"0":{"name":"ThemeToggle","decl":{"start":{"line":5,"column":16},"end":{"line":5,"column":30}},"loc":{"start":{"line":5,"column":30},"end":{"line":21,"column":null}},"line":5}},"branchMap":{"0":{"loc":{"start":{"line":15,"column":18},"end":{"line":15,"column":null}},"type":"cond-expr","locations":[{"start":{"line":15,"column":27},"end":{"line":15,"column":52}},{"start":{"line":15,"column":52},"end":{"line":15,"column":null}}],"line":15},"1":{"loc":{"start":{"line":16,"column":13},"end":{"line":16,"column":null}},"type":"cond-expr","locations":[{"start":{"line":16,"column":22},"end":{"line":16,"column":47}},{"start":{"line":16,"column":47},"end":{"line":16,"column":null}}],"line":16},"2":{"loc":{"start":{"line":18,"column":7},"end":{"line":18,"column":null}},"type":"cond-expr","locations":[{"start":{"line":18,"column":16},"end":{"line":18,"column":28}},{"start":{"line":18,"column":27},"end":{"line":18,"column":null}}],"line":18}},"s":{"0":47,"1":47,"2":47},"f":{"0":47},"b":{"0":[0,47],"1":[0,47],"2":[0,47]},"meta":{"lastBranch":3,"lastFunction":1,"lastStatement":3,"seen":{"f:5:16:5:30":0,"s:6:33:6:42":0,"s:7:17:7:Infinity":1,"s:9:2:19:Infinity":2,"b:15:27:15:52:15:52:15:Infinity":0,"b:16:22:16:47:16:47:16:Infinity":1,"b:18:16:18:28:18:27:18:Infinity":2},"fnNames":{}}}
,"/Volumes/SSD/Code with Mosh/Building App with Claude Code/Helpdesk/client/src/components/members/AddMemberDialog.tsx": {"path":"/Volumes/SSD/Code with Mosh/Building App with Claude Code/Helpdesk/client/src/components/members/AddMemberDialog.tsx","statementMap":{"0":{"start":{"line":30,"column":26},"end":{"line":30,"column":null}},"1":{"start":{"line":31,"column":52},"end":{"line":31,"column":null}},"2":{"start":{"line":32,"column":30},"end":{"line":32,"column":null}},"3":{"start":{"line":33,"column":22},"end":{"line":33,"column":37}},"4":{"start":{"line":42,"column":6},"end":{"line":45,"column":null}},"5":{"start":{"line":53,"column":19},"end":{"line":63,"column":null}},"6":{"start":{"line":54,"column":45},"end":{"line":54,"column":null}},"7":{"start":{"line":56,"column":6},"end":{"line":56,"column":null}},"8":{"start":{"line":59,"column":6},"end":{"line":60,"column":null}},"9":{"start":{"line":59,"column":36},"end":{"line":59,"column":null}},"10":{"start":{"line":60,"column":11},"end":{"line":60,"column":null}},"11":{"start":{"line":61,"column":6},"end":{"line":61,"column":null}},"12":{"start":{"line":67,"column":2},"end":{"line":72,"column":null}},"13":{"start":{"line":68,"column":4},"end":{"line":68,"column":null}},"14":{"start":{"line":68,"column":51},"end":{"line":68,"column":null}},"15":{"start":{"line":69,"column":4},"end":{"line":71,"column":null}},"16":{"start":{"line":70,"column":6},"end":{"line":70,"column":null}},"17":{"start":{"line":75,"column":4},"end":{"line":77,"column":null}},"18":{"start":{"line":79,"column":15},"end":{"line":79,"column":null}},"19":{"start":{"line":82,"column":4},"end":{"line":82,"column":null}},"20":{"start":{"line":83,"column":4},"end":{"line":88,"column":null}},"21":{"start":{"line":84,"column":6},"end":{"line":84,"column":null}},"22":{"start":{"line":85,"column":6},"end":{"line":85,"column":null}},"23":{"start":{"line":86,"column":6},"end":{"line":86,"column":null}},"24":{"start":{"line":87,"column":6},"end":{"line":87,"column":null}},"25":{"start":{"line":91,"column":2},"end":{"line":215,"column":null}},"26":{"start":{"line":118,"column":18},"end":{"line":118,"column":null}},"27":{"start":{"line":119,"column":18},"end":{"line":119,"column":null}},"28":{"start":{"line":127,"column":37},"end":{"line":127,"column":51}},"29":{"start":{"line":131,"column":51},"end":{"line":131,"column":74}},"30":{"start":{"line":172,"column":20},"end":{"line":187,"column":null}},"31":{"start":{"line":175,"column":48},"end":{"line":175,"column":null}},"32":{"start":{"line":182,"column":26},"end":{"line":184,"column":null}},"33":{"start":{"line":204,"column":69},"end":{"line":204,"column":83}}},"fnMap":{"0":{"name":"AddMemberDialog","decl":{"start":{"line":29,"column":16},"end":{"line":29,"column":32}},"loc":{"start":{"line":29,"column":74},"end":{"line":217,"column":null}},"line":29},"1":{"name":"(anonymous_1)","decl":{"start":{"line":54,"column":4},"end":{"line":54,"column":17}},"loc":{"start":{"line":54,"column":45},"end":{"line":54,"column":null}},"line":54},"2":{"name":"(anonymous_2)","decl":{"start":{"line":55,"column":4},"end":{"line":55,"column":16}},"loc":{"start":{"line":55,"column":27},"end":{"line":62,"column":null}},"line":55},"3":{"name":"(anonymous_3)","decl":{"start":{"line":67,"column":2},"end":{"line":67,"column":18}},"loc":{"start":{"line":67,"column":18},"end":{"line":72,"column":5}},"line":67},"4":{"name":"close","decl":{"start":{"line":81,"column":11},"end":{"line":81,"column":17}},"loc":{"start":{"line":81,"column":32},"end":{"line":89,"column":null}},"line":81},"5":{"name":"(anonymous_5)","decl":{"start":{"line":117,"column":25},"end":{"line":117,"column":37}},"loc":{"start":{"line":117,"column":37},"end":{"line":120,"column":null}},"line":117},"6":{"name":"(anonymous_6)","decl":{"start":{"line":127,"column":22},"end":{"line":127,"column":37}},"loc":{"start":{"line":127,"column":37},"end":{"line":127,"column":51}},"line":127},"7":{"name":"(anonymous_7)","decl":{"start":{"line":131,"column":26},"end":{"line":131,"column":40}},"loc":{"start":{"line":131,"column":51},"end":{"line":131,"column":74}},"line":131},"8":{"name":"(anonymous_8)","decl":{"start":{"line":171,"column":18},"end":{"line":171,"column":27}},"loc":{"start":{"line":172,"column":20},"end":{"line":187,"column":null}},"line":172},"9":{"name":"(anonymous_9)","decl":{"start":{"line":175,"column":22},"end":{"line":175,"column":38}},"loc":{"start":{"line":175,"column":48},"end":{"line":175,"column":null}},"line":175},"10":{"name":"(anonymous_10)","decl":{"start":{"line":181,"column":62},"end":{"line":181,"column":67}},"loc":{"start":{"line":182,"column":26},"end":{"line":184,"column":null}},"line":182},"11":{"name":"(anonymous_11)","decl":{"start":{"line":204,"column":54},"end":{"line":204,"column":69}},"loc":{"start":{"line":204,"column":69},"end":{"line":204,"column":83}},"line":204}},"branchMap":{"0":{"loc":{"start":{"line":59,"column":6},"end":{"line":60,"column":null}},"type":"if","locations":[{"start":{"line":59,"column":6},"end":{"line":60,"column":null}},{"start":{"line":60,"column":11},"end":{"line":60,"column":null}}],"line":59},"1":{"loc":{"start":{"line":68,"column":4},"end":{"line":68,"column":null}},"type":"if","locations":[{"start":{"line":68,"column":4},"end":{"line":68,"column":null}},{"start":{},"end":{}}],"line":68},"2":{"loc":{"start":{"line":75,"column":4},"end":{"line":77,"column":null}},"type":"cond-expr","locations":[{"start":{"line":76,"column":8},"end":{"line":76,"column":null}},{"start":{"line":77,"column":9},"end":{"line":77,"column":null}}],"line":75},"3":{"loc":{"start":{"line":75,"column":4},"end":{"line":75,"column":null}},"type":"binary-expr","locations":[{"start":{"line":75,"column":4},"end":{"line":75,"column":46}},{"start":{"line":75,"column":46},"end":{"line":75,"column":null}}],"line":75},"4":{"loc":{"start":{"line":77,"column":9},"end":{"line":77,"column":null}},"type":"binary-expr","locations":[{"start":{"line":77,"column":9},"end":{"line":77,"column":36}},{"start":{"line":77,"column":36},"end":{"line":77,"column":null}}],"line":77},"5":{"loc":{"start":{"line":79,"column":15},"end":{"line":79,"column":null}},"type":"binary-expr","locations":[{"start":{"line":79,"column":15},"end":{"line":79,"column":31}},{"start":{"line":79,"column":31},"end":{"line":79,"column":null}}],"line":79},"6":{"loc":{"start":{"line":83,"column":4},"end":{"line":88,"column":null}},"type":"if","locations":[{"start":{"line":83,"column":4},"end":{"line":88,"column":null}},{"start":{},"end":{}}],"line":83},"7":{"loc":{"start":{"line":96,"column":9},"end":{"line":214,"column":null}},"type":"cond-expr","locations":[{"start":{"line":97,"column":10},"end":{"line":131,"column":11}},{"start":{"line":131,"column":10},"end":{"line":214,"column":null}}],"line":96},"8":{"loc":{"start":{"line":122,"column":17},"end":{"line":122,"column":null}},"type":"cond-expr","locations":[{"start":{"line":122,"column":26},"end":{"line":122,"column":39}},{"start":{"line":122,"column":38},"end":{"line":122,"column":null}}],"line":122},"9":{"loc":{"start":{"line":150,"column":17},"end":{"line":150,"column":null}},"type":"binary-expr","locations":[{"start":{"line":150,"column":17},"end":{"line":150,"column":32}},{"start":{"line":150,"column":32},"end":{"line":150,"column":null}}],"line":150},"10":{"loc":{"start":{"line":163,"column":17},"end":{"line":163,"column":null}},"type":"binary-expr","locations":[{"start":{"line":163,"column":17},"end":{"line":163,"column":33}},{"start":{"line":163,"column":33},"end":{"line":163,"column":null}}],"line":163},"11":{"loc":{"start":{"line":190,"column":17},"end":{"line":190,"column":null}},"type":"binary-expr","locations":[{"start":{"line":190,"column":17},"end":{"line":190,"column":32}},{"start":{"line":190,"column":32},"end":{"line":190,"column":null}}],"line":190},"12":{"loc":{"start":{"line":193,"column":15},"end":{"line":199,"column":null}},"type":"binary-expr","locations":[{"start":{"line":193,"column":15},"end":{"line":193,"column":null}},{"start":{"line":194,"column":16},"end":{"line":199,"column":null}}],"line":193},"13":{"loc":{"start":{"line":208,"column":17},"end":{"line":209,"column":24}},"type":"binary-expr","locations":[{"start":{"line":208,"column":17},"end":{"line":208,"column":25}},{"start":{"line":208,"column":25},"end":{"line":209,"column":24}}],"line":208},"14":{"loc":{"start":{"line":209,"column":17},"end":{"line":209,"column":null}},"type":"cond-expr","locations":[{"start":{"line":209,"column":24},"end":{"line":209,"column":36}},{"start":{"line":209,"column":36},"end":{"line":209,"column":null}}],"line":209}},"s":{"0":56,"1":56,"2":56,"3":56,"4":56,"5":56,"6":2,"7":1,"8":1,"9":1,"10":0,"11":1,"12":56,"13":16,"14":15,"15":1,"16":1,"17":56,"18":56,"19":3,"20":3,"21":0,"22":0,"23":0,"24":0,"25":56,"26":0,"27":0,"28":0,"29":2,"30":9,"31":0,"32":36,"33":0},"f":{"0":56,"1":2,"2":1,"3":16,"4":3,"5":0,"6":0,"7":2,"8":9,"9":0,"10":36,"11":0},"b":{"0":[1,0],"1":[15,1],"2":[2,54],"3":[56,2],"4":[54,54],"5":[56,53],"6":[0,3],"7":[1,55],"8":[0,1],"9":[55,0],"10":[55,2],"11":[55,0],"12":[55,0],"13":[55,3],"14":[3,52]},"meta":{"lastBranch":15,"lastFunction":12,"lastStatement":34,"seen":{"f:29:16:29:32":0,"s:30:26:30:Infinity":0,"s:31:52:31:Infinity":1,"s:32:30:32:Infinity":2,"s:33:22:33:37":3,"s:42:6:45:Infinity":4,"s:53:19:63:Infinity":5,"f:54:4:54:17":1,"s:54:45:54:Infinity":6,"f:55:4:55:16":2,"s:56:6:56:Infinity":7,"b:59:6:60:Infinity:60:11:60:Infinity":0,"s:59:6:60:Infinity":8,"s:59:36:59:Infinity":9,"s:60:11:60:Infinity":10,"s:61:6:61:Infinity":11,"s:67:2:72:Infinity":12,"f:67:2:67:18":3,"b:68:4:68:Infinity:undefined:undefined:undefined:undefined":1,"s:68:4:68:Infinity":13,"s:68:51:68:Infinity":14,"s:69:4:71:Infinity":15,"s:70:6:70:Infinity":16,"s:75:4:77:Infinity":17,"b:76:8:76:Infinity:77:9:77:Infinity":2,"b:75:4:75:46:75:46:75:Infinity":3,"b:77:9:77:36:77:36:77:Infinity":4,"s:79:15:79:Infinity":18,"b:79:15:79:31:79:31:79:Infinity":5,"f:81:11:81:17":4,"s:82:4:82:Infinity":19,"b:83:4:88:Infinity:undefined:undefined:undefined:undefined":6,"s:83:4:88:Infinity":20,"s:84:6:84:Infinity":21,"s:85:6:85:Infinity":22,"s:86:6:86:Infinity":23,"s:87:6:87:Infinity":24,"s:91:2:215:Infinity":25,"b:97:10:131:11:131:10:214:Infinity":7,"f:117:25:117:37":5,"s:118:18:118:Infinity":26,"s:119:18:119:Infinity":27,"b:122:26:122:39:122:38:122:Infinity":8,"f:127:22:127:37":6,"s:127:37:127:51":28,"f:131:26:131:40":7,"s:131:51:131:74":29,"b:150:17:150:32:150:32:150:Infinity":9,"b:163:17:163:33:163:33:163:Infinity":10,"f:171:18:171:27":8,"s:172:20:187:Infinity":30,"f:175:22:175:38":9,"s:175:48:175:Infinity":31,"f:181:62:181:67":10,"s:182:26:184:Infinity":32,"b:190:17:190:32:190:32:190:Infinity":11,"b:193:15:193:Infinity:194:16:199:Infinity":12,"f:204:54:204:69":11,"s:204:69:204:83":33,"b:208:17:208:25:208:25:209:24":13,"b:209:24:209:36:209:36:209:Infinity":14},"fnNames":{}}}
,"/Volumes/SSD/Code with Mosh/Building App with Claude Code/Helpdesk/client/src/components/members/MemberRoleSelect.tsx": {"path":"/Volumes/SSD/Code with Mosh/Building App with Claude Code/Helpdesk/client/src/components/members/MemberRoleSelect.tsx","statementMap":{"0":{"start":{"line":23,"column":22},"end":{"line":23,"column":37}},"1":{"start":{"line":25,"column":19},"end":{"line":36,"column":null}},"2":{"start":{"line":26,"column":32},"end":{"line":26,"column":null}},"3":{"start":{"line":28,"column":6},"end":{"line":28,"column":null}},"4":{"start":{"line":31,"column":6},"end":{"line":31,"column":null}},"5":{"start":{"line":31,"column":18},"end":{"line":31,"column":null}},"6":{"start":{"line":35,"column":22},"end":{"line":35,"column":null}},"7":{"start":{"line":38,"column":2},"end":{"line":64,"column":null}},"8":{"start":{"line":43,"column":33},"end":{"line":43,"column":null}},"9":{"start":{"line":55,"column":12},"end":{"line":57,"column":null}}},"fnMap":{"0":{"name":"MemberRoleSelect","decl":{"start":{"line":22,"column":16},"end":{"line":22,"column":33}},"loc":{"start":{"line":22,"column":92},"end":{"line":66,"column":null}},"line":22},"1":{"name":"(anonymous_1)","decl":{"start":{"line":26,"column":4},"end":{"line":26,"column":17}},"loc":{"start":{"line":26,"column":32},"end":{"line":26,"column":null}},"line":26},"2":{"name":"(anonymous_2)","decl":{"start":{"line":27,"column":4},"end":{"line":27,"column":21}},"loc":{"start":{"line":27,"column":21},"end":{"line":32,"column":null}},"line":27},"3":{"name":"(anonymous_3)","decl":{"start":{"line":35,"column":4},"end":{"line":35,"column":14}},"loc":{"start":{"line":35,"column":22},"end":{"line":35,"column":null}},"line":35},"4":{"name":"(anonymous_4)","decl":{"start":{"line":43,"column":8},"end":{"line":43,"column":24}},"loc":{"start":{"line":43,"column":33},"end":{"line":43,"column":null}},"line":43},"5":{"name":"(anonymous_5)","decl":{"start":{"line":54,"column":48},"end":{"line":54,"column":53}},"loc":{"start":{"line":55,"column":12},"end":{"line":57,"column":null}},"line":55}},"branchMap":{"0":{"loc":{"start":{"line":31,"column":6},"end":{"line":31,"column":null}},"type":"if","locations":[{"start":{"line":31,"column":6},"end":{"line":31,"column":null}},{"start":{},"end":{}}],"line":31},"1":{"loc":{"start":{"line":44,"column":18},"end":{"line":44,"column":null}},"type":"binary-expr","locations":[{"start":{"line":44,"column":18},"end":{"line":44,"column":30}},{"start":{"line":44,"column":30},"end":{"line":44,"column":null}}],"line":44},"2":{"loc":{"start":{"line":61,"column":7},"end":{"line":64,"column":null}},"type":"binary-expr","locations":[{"start":{"line":61,"column":7},"end":{"line":61,"column":null}},{"start":{"line":62,"column":8},"end":{"line":64,"column":null}}],"line":61}},"s":{"0":31,"1":31,"2":1,"3":1,"4":1,"5":0,"6":0,"7":31,"8":1,"9":124},"f":{"0":31,"1":1,"2":1,"3":0,"4":1,"5":124},"b":{"0":[0,1],"1":[31,17],"2":[31,0]},"meta":{"lastBranch":3,"lastFunction":6,"lastStatement":10,"seen":{"f:22:16:22:33":0,"s:23:22:23:37":0,"s:25:19:36:Infinity":1,"f:26:4:26:17":1,"s:26:32:26:Infinity":2,"f:27:4:27:21":2,"s:28:6:28:Infinity":3,"b:31:6:31:Infinity:undefined:undefined:undefined:undefined":0,"s:31:6:31:Infinity":4,"s:31:18:31:Infinity":5,"f:35:4:35:14":3,"s:35:22:35:Infinity":6,"s:38:2:64:Infinity":7,"f:43:8:43:24":4,"s:43:33:43:Infinity":8,"b:44:18:44:30:44:30:44:Infinity":1,"f:54:48:54:53":5,"s:55:12:57:Infinity":9,"b:61:7:61:Infinity:62:8:64:Infinity":2},"fnNames":{}}}
,"/Volumes/SSD/Code with Mosh/Building App with Claude Code/Helpdesk/client/src/components/members/MemberStatusButton.tsx": {"path":"/Volumes/SSD/Code with Mosh/Building App with Claude Code/Helpdesk/client/src/components/members/MemberStatusButton.tsx","statementMap":{"0":{"start":{"line":30,"column":38},"end":{"line":30,"column":null}},"1":{"start":{"line":31,"column":22},"end":{"line":31,"column":37}},"2":{"start":{"line":32,"column":19},"end":{"line":32,"column":null}},"3":{"start":{"line":34,"column":19},"end":{"line":44,"column":null}},"4":{"start":{"line":35,"column":37},"end":{"line":35,"column":null}},"5":{"start":{"line":37,"column":6},"end":{"line":37,"column":null}},"6":{"start":{"line":38,"column":6},"end":{"line":38,"column":null}},"7":{"start":{"line":41,"column":6},"end":{"line":41,"column":null}},"8":{"start":{"line":42,"column":6},"end":{"line":42,"column":null}},"9":{"start":{"line":46,"column":2},"end":{"line":58,"column":null}},"10":{"start":{"line":47,"column":4},"end":{"line":56,"column":null}},"11":{"start":{"line":52,"column":23},"end":{"line":52,"column":null}},"12":{"start":{"line":60,"column":2},"end":{"line":93,"column":null}},"13":{"start":{"line":66,"column":23},"end":{"line":66,"column":null}},"14":{"start":{"line":85,"column":29},"end":{"line":85,"column":null}}},"fnMap":{"0":{"name":"MemberStatusButton","decl":{"start":{"line":29,"column":16},"end":{"line":29,"column":35}},"loc":{"start":{"line":29,"column":86},"end":{"line":95,"column":null}},"line":29},"1":{"name":"(anonymous_1)","decl":{"start":{"line":35,"column":4},"end":{"line":35,"column":17}},"loc":{"start":{"line":35,"column":37},"end":{"line":35,"column":null}},"line":35},"2":{"name":"(anonymous_2)","decl":{"start":{"line":36,"column":4},"end":{"line":36,"column":21}},"loc":{"start":{"line":36,"column":21},"end":{"line":39,"column":null}},"line":36},"3":{"name":"(anonymous_3)","decl":{"start":{"line":40,"column":4},"end":{"line":40,"column":14}},"loc":{"start":{"line":40,"column":22},"end":{"line":43,"column":null}},"line":40},"4":{"name":"(anonymous_4)","decl":{"start":{"line":52,"column":8},"end":{"line":52,"column":23}},"loc":{"start":{"line":52,"column":23},"end":{"line":52,"column":null}},"line":52},"5":{"name":"(anonymous_5)","decl":{"start":{"line":66,"column":8},"end":{"line":66,"column":23}},"loc":{"start":{"line":66,"column":23},"end":{"line":66,"column":null}},"line":66},"6":{"name":"(anonymous_6)","decl":{"start":{"line":85,"column":14},"end":{"line":85,"column":29}},"loc":{"start":{"line":85,"column":29},"end":{"line":85,"column":null}},"line":85}},"branchMap":{"0":{"loc":{"start":{"line":46,"column":2},"end":{"line":58,"column":null}},"type":"if","locations":[{"start":{"line":46,"column":2},"end":{"line":58,"column":null}},{"start":{},"end":{}}],"line":46},"1":{"loc":{"start":{"line":51,"column":18},"end":{"line":51,"column":null}},"type":"binary-expr","locations":[{"start":{"line":51,"column":18},"end":{"line":51,"column":30}},{"start":{"line":51,"column":30},"end":{"line":51,"column":null}}],"line":51},"2":{"loc":{"start":{"line":54,"column":9},"end":{"line":54,"column":null}},"type":"binary-expr","locations":[{"start":{"line":54,"column":9},"end":{"line":54,"column":31}},{"start":{"line":54,"column":31},"end":{"line":54,"column":null}}],"line":54},"3":{"loc":{"start":{"line":87,"column":15},"end":{"line":88,"column":24}},"type":"binary-expr","locations":[{"start":{"line":87,"column":15},"end":{"line":87,"column":37}},{"start":{"line":87,"column":37},"end":{"line":88,"column":24}}],"line":87},"4":{"loc":{"start":{"line":88,"column":15},"end":{"line":88,"column":null}},"type":"cond-expr","locations":[{"start":{"line":88,"column":36},"end":{"line":88,"column":54}},{"start":{"line":88,"column":54},"end":{"line":88,"column":null}}],"line":88}},"s":{"0":36,"1":36,"2":36,"3":36,"4":2,"5":1,"6":1,"7":1,"8":1,"9":36,"10":1,"11":0,"12":35,"13":4,"14":2},"f":{"0":36,"1":2,"2":1,"3":1,"4":0,"5":4,"6":2},"b":{"0":[1,35],"1":[1,1],"2":[1,0],"3":[35,0],"4":[0,35]},"meta":{"lastBranch":5,"lastFunction":7,"lastStatement":15,"seen":{"f:29:16:29:35":0,"s:30:38:30:Infinity":0,"s:31:22:31:37":1,"s:32:19:32:Infinity":2,"s:34:19:44:Infinity":3,"f:35:4:35:17":1,"s:35:37:35:Infinity":4,"f:36:4:36:21":2,"s:37:6:37:Infinity":5,"s:38:6:38:Infinity":6,"f:40:4:40:14":3,"s:41:6:41:Infinity":7,"s:42:6:42:Infinity":8,"b:46:2:58:Infinity:undefined:undefined:undefined:undefined":0,"s:46:2:58:Infinity":9,"s:47:4:56:Infinity":10,"b:51:18:51:30:51:30:51:Infinity":1,"f:52:8:52:23":4,"s:52:23:52:Infinity":11,"b:54:9:54:31:54:31:54:Infinity":2,"s:60:2:93:Infinity":12,"f:66:8:66:23":5,"s:66:23:66:Infinity":13,"f:85:14:85:29":6,"s:85:29:85:Infinity":14,"b:87:15:87:37:87:37:88:24":3,"b:88:36:88:54:88:54:88:Infinity":4},"fnNames":{}}}
,"/Volumes/SSD/Code with Mosh/Building App with Claude Code/Helpdesk/client/src/components/members/MembersTable.tsx": {"path":"/Volumes/SSD/Code with Mosh/Building App with Claude Code/Helpdesk/client/src/components/members/MembersTable.tsx","statementMap":{"0":{"start":{"line":21,"column":19},"end":{"line":25,"column":null}},"1":{"start":{"line":30,"column":23},"end":{"line":32,"column":null}},"2":{"start":{"line":31,"column":11},"end":{"line":31,"column":null}},"3":{"start":{"line":34,"column":2},"end":{"line":92,"column":null}},"4":{"start":{"line":48,"column":25},"end":{"line":48,"column":null}},"5":{"start":{"line":49,"column":27},"end":{"line":49,"column":null}},"6":{"start":{"line":50,"column":36},"end":{"line":50,"column":null}},"7":{"start":{"line":52,"column":10},"end":{"line":88,"column":null}}},"fnMap":{"0":{"name":"MembersTable","decl":{"start":{"line":27,"column":16},"end":{"line":27,"column":29}},"loc":{"start":{"line":27,"column":86},"end":{"line":94,"column":null}},"line":27},"1":{"name":"(anonymous_1)","decl":{"start":{"line":30,"column":31},"end":{"line":30,"column":null}},"loc":{"start":{"line":31,"column":11},"end":{"line":31,"column":null}},"line":31},"2":{"name":"(anonymous_2)","decl":{"start":{"line":47,"column":17},"end":{"line":47,"column":22}},"loc":{"start":{"line":47,"column":33},"end":{"line":90,"column":9}},"line":47}},"branchMap":{"0":{"loc":{"start":{"line":31,"column":11},"end":{"line":31,"column":null}},"type":"binary-expr","locations":[{"start":{"line":31,"column":11},"end":{"line":31,"column":33}},{"start":{"line":31,"column":33},"end":{"line":31,"column":null}}],"line":31},"1":{"loc":{"start":{"line":50,"column":36},"end":{"line":50,"column":null}},"type":"binary-expr","locations":[{"start":{"line":50,"column":36},"end":{"line":50,"column":63}},{"start":{"line":50,"column":63},"end":{"line":50,"column":75}},{"start":{"line":50,"column":75},"end":{"line":50,"column":null}}],"line":50},"2":{"loc":{"start":{"line":56,"column":17},"end":{"line":57,"column":null}},"type":"binary-expr","locations":[{"start":{"line":56,"column":17},"end":{"line":56,"column":27}},{"start":{"line":56,"column":27},"end":{"line":57,"column":null}}],"line":56},"3":{"loc":{"start":{"line":69,"column":17},"end":{"line":76,"column":null}},"type":"cond-expr","locations":[{"start":{"line":70,"column":18},"end":{"line":72,"column":19}},{"start":{"line":72,"column":18},"end":{"line":76,"column":null}}],"line":69},"4":{"loc":{"start":{"line":84,"column":28},"end":{"line":84,"column":null}},"type":"binary-expr","locations":[{"start":{"line":84,"column":28},"end":{"line":84,"column":38}},{"start":{"line":84,"column":38},"end":{"line":84,"column":null}}],"line":84}},"s":{"0":1,"1":15,"2":30,"3":15,"4":30,"5":30,"6":30,"7":30},"f":{"0":15,"1":30,"2":30},"b":{"0":[30,16],"1":[30,16,16],"2":[30,15],"3":[29,1],"4":[30,15]},"meta":{"lastBranch":5,"lastFunction":3,"lastStatement":8,"seen":{"s:21:19:25:Infinity":0,"f:27:16:27:29":0,"s:30:23:32:Infinity":1,"f:30:31:30:Infinity":1,"s:31:11:31:Infinity":2,"b:31:11:31:33:31:33:31:Infinity":0,"s:34:2:92:Infinity":3,"f:47:17:47:22":2,"s:48:25:48:Infinity":4,"s:49:27:49:Infinity":5,"s:50:36:50:Infinity":6,"b:50:36:50:63:50:63:50:75:50:75:50:Infinity":1,"s:52:10:88:Infinity":7,"b:56:17:56:27:56:27:57:Infinity":2,"b:70:18:72:19:72:18:76:Infinity":3,"b:84:28:84:38:84:38:84:Infinity":4},"fnNames":{}}}
,"/Volumes/SSD/Code with Mosh/Building App with Claude Code/Helpdesk/client/src/components/members/MembersTableSkeleton.tsx": {"path":"/Volumes/SSD/Code with Mosh/Building App with Claude Code/Helpdesk/client/src/components/members/MembersTableSkeleton.tsx","statementMap":{"0":{"start":{"line":23,"column":2},"end":{"line":69,"column":null}},"1":{"start":{"line":43,"column":14},"end":{"line":64,"column":null}}},"fnMap":{"0":{"name":"MembersTableSkeleton","decl":{"start":{"line":22,"column":16},"end":{"line":22,"column":37}},"loc":{"start":{"line":22,"column":70},"end":{"line":71,"column":null}},"line":22},"1":{"name":"(anonymous_1)","decl":{"start":{"line":42,"column":39},"end":{"line":42,"column":43}},"loc":{"start":{"line":43,"column":14},"end":{"line":64,"column":null}},"line":43}},"branchMap":{"0":{"loc":{"start":{"line":22,"column":39},"end":{"line":22,"column":70}},"type":"default-arg","locations":[{"start":{"line":22,"column":46},"end":{"line":22,"column":70}}],"line":22}},"s":{"0":31,"1":93},"f":{"0":31,"1":93},"b":{"0":[31]},"meta":{"lastBranch":1,"lastFunction":2,"lastStatement":2,"seen":{"f:22:16:22:37":0,"b:22:46:22:70":0,"s:23:2:69:Infinity":0,"f:42:39:42:43":1,"s:43:14:64:Infinity":1},"fnNames":{}}}
,"/Volumes/SSD/Code with Mosh/Building App with Claude Code/Helpdesk/client/src/components/ui/alert-dialog.tsx": {"path":"/Volumes/SSD/Code with Mosh/Building App with Claude Code/Helpdesk/client/src/components/ui/alert-dialog.tsx","statementMap":{"0":{"start":{"line":1,"column":0},"end":{"line":1,"column":null}},"1":{"start":{"line":10,"column":2},"end":{"line":10,"column":null}},"2":{"start":{"line":14,"column":2},"end":{"line":15,"column":null}},"3":{"start":{"line":20,"column":2},"end":{"line":21,"column":null}},"4":{"start":{"line":29,"column":2},"end":{"line":37,"column":null}},"5":{"start":{"line":48,"column":2},"end":{"line":60,"column":null}},"6":{"start":{"line":68,"column":2},"end":{"line":76,"column":null}},"7":{"start":{"line":84,"column":2},"end":{"line":92,"column":null}},"8":{"start":{"line":100,"column":2},"end":{"line":108,"column":null}},"9":{"start":{"line":116,"column":2},"end":{"line":124,"column":null}},"10":{"start":{"line":132,"column":2},"end":{"line":140,"column":null}},"11":{"start":{"line":148,"column":2},"end":{"line":153,"column":null}},"12":{"start":{"line":164,"column":2},"end":{"line":170,"column":null}}},"fnMap":{"0":{"name":"AlertDialog","decl":{"start":{"line":9,"column":9},"end":{"line":9,"column":21}},"loc":{"start":{"line":9,"column":68},"end":{"line":11,"column":null}},"line":9},"1":{"name":"AlertDialogTrigger","decl":{"start":{"line":13,"column":9},"end":{"line":13,"column":28}},"loc":{"start":{"line":13,"column":78},"end":{"line":17,"column":null}},"line":13},"2":{"name":"AlertDialogPortal","decl":{"start":{"line":19,"column":9},"end":{"line":19,"column":27}},"loc":{"start":{"line":19,"column":76},"end":{"line":23,"column":null}},"line":19},"3":{"name":"AlertDialogOverlay","decl":{"start":{"line":25,"column":9},"end":{"line":25,"column":28}},"loc":{"start":{"line":28,"column":40},"end":{"line":39,"column":null}},"line":28},"4":{"name":"AlertDialogContent","decl":{"start":{"line":41,"column":9},"end":{"line":41,"column":28}},"loc":{"start":{"line":47,"column":3},"end":{"line":62,"column":null}},"line":47},"5":{"name":"AlertDialogHeader","decl":{"start":{"line":64,"column":9},"end":{"line":64,"column":27}},"loc":{"start":{"line":67,"column":32},"end":{"line":78,"column":null}},"line":67},"6":{"name":"AlertDialogFooter","decl":{"start":{"line":80,"column":9},"end":{"line":80,"column":27}},"loc":{"start":{"line":83,"column":32},"end":{"line":94,"column":null}},"line":83},"7":{"name":"AlertDialogMedia","decl":{"start":{"line":96,"column":9},"end":{"line":96,"column":26}},"loc":{"start":{"line":99,"column":32},"end":{"line":110,"column":null}},"line":99},"8":{"name":"AlertDialogTitle","decl":{"start":{"line":112,"column":9},"end":{"line":112,"column":26}},"loc":{"start":{"line":115,"column":60},"end":{"line":126,"column":null}},"line":115},"9":{"name":"AlertDialogDescription","decl":{"start":{"line":128,"column":9},"end":{"line":128,"column":32}},"loc":{"start":{"line":131,"column":66},"end":{"line":142,"column":null}},"line":131},"10":{"name":"AlertDialogAction","decl":{"start":{"line":144,"column":9},"end":{"line":144,"column":27}},"loc":{"start":{"line":147,"column":40},"end":{"line":155,"column":null}},"line":147},"11":{"name":"AlertDialogCancel","decl":{"start":{"line":157,"column":9},"end":{"line":157,"column":27}},"loc":{"start":{"line":163,"column":65},"end":{"line":172,"column":null}},"line":163}},"branchMap":{"0":{"loc":{"start":{"line":43,"column":2},"end":{"line":43,"column":null}},"type":"default-arg","locations":[{"start":{"line":43,"column":9},"end":{"line":43,"column":null}}],"line":43},"1":{"loc":{"start":{"line":159,"column":2},"end":{"line":159,"column":null}},"type":"default-arg","locations":[{"start":{"line":159,"column":12},"end":{"line":159,"column":null}}],"line":159},"2":{"loc":{"start":{"line":160,"column":2},"end":{"line":160,"column":null}},"type":"default-arg","locations":[{"start":{"line":160,"column":9},"end":{"line":160,"column":null}}],"line":160}},"s":{"0":1,"1":35,"2":0,"3":35,"4":7,"5":35,"6":7,"7":7,"8":0,"9":7,"10":7,"11":7,"12":7},"f":{"0":35,"1":0,"2":35,"3":7,"4":35,"5":7,"6":7,"7":0,"8":7,"9":7,"10":7,"11":7},"b":{"0":[35],"1":[7],"2":[7]},"meta":{"lastBranch":3,"lastFunction":12,"lastStatement":13,"seen":{"s:1:0:1:Infinity":0,"f:9:9:9:21":0,"s:10:2:10:Infinity":1,"f:13:9:13:28":1,"s:14:2:15:Infinity":2,"f:19:9:19:27":2,"s:20:2:21:Infinity":3,"f:25:9:25:28":3,"s:29:2:37:Infinity":4,"f:41:9:41:28":4,"b:43:9:43:Infinity":0,"s:48:2:60:Infinity":5,"f:64:9:64:27":5,"s:68:2:76:Infinity":6,"f:80:9:80:27":6,"s:84:2:92:Infinity":7,"f:96:9:96:26":7,"s:100:2:108:Infinity":8,"f:112:9:112:26":8,"s:116:2:124:Infinity":9,"f:128:9:128:32":9,"s:132:2:140:Infinity":10,"f:144:9:144:27":10,"s:148:2:153:Infinity":11,"f:157:9:157:27":11,"b:159:12:159:Infinity":1,"b:160:9:160:Infinity":2,"s:164:2:170:Infinity":12},"fnNames":{}}}
,"/Volumes/SSD/Code with Mosh/Building App with Claude Code/Helpdesk/client/src/components/ui/badge.tsx": {"path":"/Volumes/SSD/Code with Mosh/Building App with Claude Code/Helpdesk/client/src/components/ui/badge.tsx","statementMap":{"0":{"start":{"line":7,"column":22},"end":{"line":28,"column":null}},"1":{"start":{"line":36,"column":2},"end":{"line":49,"column":null}}},"fnMap":{"0":{"name":"Badge","decl":{"start":{"line":30,"column":9},"end":{"line":30,"column":15}},"loc":{"start":{"line":35,"column":74},"end":{"line":50,"column":null}},"line":35}},"branchMap":{"0":{"loc":{"start":{"line":32,"column":2},"end":{"line":32,"column":null}},"type":"default-arg","locations":[{"start":{"line":32,"column":12},"end":{"line":32,"column":null}}],"line":32}},"s":{"0":1,"1":30},"f":{"0":30},"b":{"0":[30]},"meta":{"lastBranch":1,"lastFunction":1,"lastStatement":2,"seen":{"s:7:22:28:Infinity":0,"f:30:9:30:15":0,"b:32:12:32:Infinity":0,"s:36:2:49:Infinity":1},"fnNames":{}}}
,"/Volumes/SSD/Code with Mosh/Building App with Claude Code/Helpdesk/client/src/components/ui/button.tsx": {"path":"/Volumes/SSD/Code with Mosh/Building App with Claude Code/Helpdesk/client/src/components/ui/button.tsx","statementMap":{"0":{"start":{"line":6,"column":23},"end":{"line":41,"column":null}},"1":{"start":{"line":49,"column":2},"end":{"line":54,"column":null}}},"fnMap":{"0":{"name":"Button","decl":{"start":{"line":43,"column":9},"end":{"line":43,"column":16}},"loc":{"start":{"line":48,"column":64},"end":{"line":56,"column":null}},"line":48}},"branchMap":{"0":{"loc":{"start":{"line":45,"column":2},"end":{"line":45,"column":null}},"type":"default-arg","locations":[{"start":{"line":45,"column":12},"end":{"line":45,"column":null}}],"line":45},"1":{"loc":{"start":{"line":46,"column":2},"end":{"line":46,"column":null}},"type":"default-arg","locations":[{"start":{"line":46,"column":9},"end":{"line":46,"column":null}}],"line":46}},"s":{"0":1,"1":223},"f":{"0":223},"b":{"0":[223],"1":[223]},"meta":{"lastBranch":2,"lastFunction":1,"lastStatement":2,"seen":{"s:6:23:41:Infinity":0,"f:43:9:43:16":0,"b:45:12:45:Infinity":0,"b:46:9:46:Infinity":1,"s:49:2:54:Infinity":1},"fnNames":{}}}
,"/Volumes/SSD/Code with Mosh/Building App with Claude Code/Helpdesk/client/src/components/ui/dialog.tsx": {"path":"/Volumes/SSD/Code with Mosh/Building App with Claude Code/Helpdesk/client/src/components/ui/dialog.tsx","statementMap":{"0":{"start":{"line":9,"column":2},"end":{"line":9,"column":null}},"1":{"start":{"line":13,"column":2},"end":{"line":13,"column":null}},"2":{"start":{"line":17,"column":2},"end":{"line":17,"column":null}},"3":{"start":{"line":21,"column":2},"end":{"line":21,"column":null}},"4":{"start":{"line":28,"column":2},"end":{"line":36,"column":null}},"5":{"start":{"line":48,"column":2},"end":{"line":77,"column":null}},"6":{"start":{"line":82,"column":2},"end":{"line":87,"column":null}},"7":{"start":{"line":99,"column":2},"end":{"line":114,"column":null}},"8":{"start":{"line":119,"column":2},"end":{"line":127,"column":null}},"9":{"start":{"line":135,"column":2},"end":{"line":143,"column":null}}},"fnMap":{"0":{"name":"Dialog","decl":{"start":{"line":8,"column":9},"end":{"line":8,"column":16}},"loc":{"start":{"line":8,"column":58},"end":{"line":10,"column":null}},"line":8},"1":{"name":"DialogTrigger","decl":{"start":{"line":12,"column":9},"end":{"line":12,"column":23}},"loc":{"start":{"line":12,"column":68},"end":{"line":14,"column":null}},"line":12},"2":{"name":"DialogPortal","decl":{"start":{"line":16,"column":9},"end":{"line":16,"column":22}},"loc":{"start":{"line":16,"column":66},"end":{"line":18,"column":null}},"line":16},"3":{"name":"DialogClose","decl":{"start":{"line":20,"column":9},"end":{"line":20,"column":21}},"loc":{"start":{"line":20,"column":64},"end":{"line":22,"column":null}},"line":20},"4":{"name":"DialogOverlay","decl":{"start":{"line":24,"column":9},"end":{"line":24,"column":23}},"loc":{"start":{"line":27,"column":35},"end":{"line":38,"column":null}},"line":27},"5":{"name":"DialogContent","decl":{"start":{"line":40,"column":9},"end":{"line":40,"column":23}},"loc":{"start":{"line":47,"column":3},"end":{"line":79,"column":null}},"line":47},"6":{"name":"DialogHeader","decl":{"start":{"line":81,"column":9},"end":{"line":81,"column":22}},"loc":{"start":{"line":81,"column":76},"end":{"line":89,"column":null}},"line":81},"7":{"name":"DialogFooter","decl":{"start":{"line":91,"column":9},"end":{"line":91,"column":22}},"loc":{"start":{"line":98,"column":3},"end":{"line":116,"column":null}},"line":98},"8":{"name":"DialogTitle","decl":{"start":{"line":118,"column":9},"end":{"line":118,"column":21}},"loc":{"start":{"line":118,"column":75},"end":{"line":129,"column":null}},"line":118},"9":{"name":"DialogDescription","decl":{"start":{"line":131,"column":9},"end":{"line":131,"column":27}},"loc":{"start":{"line":134,"column":38},"end":{"line":145,"column":null}},"line":134}},"branchMap":{"0":{"loc":{"start":{"line":43,"column":2},"end":{"line":43,"column":null}},"type":"default-arg","locations":[{"start":{"line":43,"column":20},"end":{"line":43,"column":null}}],"line":43},"1":{"loc":{"start":{"line":60,"column":9},"end":{"line":76,"column":null}},"type":"binary-expr","locations":[{"start":{"line":60,"column":9},"end":{"line":60,"column":null}},{"start":{"line":61,"column":10},"end":{"line":76,"column":null}}],"line":60},"2":{"loc":{"start":{"line":93,"column":2},"end":{"line":93,"column":null}},"type":"default-arg","locations":[{"start":{"line":93,"column":20},"end":{"line":93,"column":null}}],"line":93},"3":{"loc":{"start":{"line":109,"column":7},"end":{"line":114,"column":null}},"type":"binary-expr","locations":[{"start":{"line":109,"column":7},"end":{"line":109,"column":null}},{"start":{"line":110,"column":8},"end":{"line":114,"column":null}}],"line":109}},"s":{"0":56,"1":56,"2":56,"3":0,"4":10,"5":56,"6":10,"7":10,"8":10,"9":10},"f":{"0":56,"1":56,"2":56,"3":0,"4":10,"5":56,"6":10,"7":10,"8":10,"9":10},"b":{"0":[56],"1":[56,56],"2":[10],"3":[10,0]},"meta":{"lastBranch":4,"lastFunction":10,"lastStatement":10,"seen":{"f:8:9:8:16":0,"s:9:2:9:Infinity":0,"f:12:9:12:23":1,"s:13:2:13:Infinity":1,"f:16:9:16:22":2,"s:17:2:17:Infinity":2,"f:20:9:20:21":3,"s:21:2:21:Infinity":3,"f:24:9:24:23":4,"s:28:2:36:Infinity":4,"f:40:9:40:23":5,"b:43:20:43:Infinity":0,"s:48:2:77:Infinity":5,"b:60:9:60:Infinity:61:10:76:Infinity":1,"f:81:9:81:22":6,"s:82:2:87:Infinity":6,"f:91:9:91:22":7,"b:93:20:93:Infinity":2,"s:99:2:114:Infinity":7,"b:109:7:109:Infinity:110:8:114:Infinity":3,"f:118:9:118:21":8,"s:119:2:127:Infinity":8,"f:131:9:131:27":9,"s:135:2:143:Infinity":9},"fnNames":{}}}
,"/Volumes/SSD/Code with Mosh/Building App with Claude Code/Helpdesk/client/src/components/ui/field.tsx": {"path":"/Volumes/SSD/Code with Mosh/Building App with Claude Code/Helpdesk/client/src/components/ui/field.tsx","statementMap":{"0":{"start":{"line":9,"column":2},"end":{"line":17,"column":null}},"1":{"start":{"line":26,"column":2},"end":{"line":35,"column":null}},"2":{"start":{"line":40,"column":2},"end":{"line":48,"column":null}},"3":{"start":{"line":52,"column":22},"end":{"line":68,"column":null}},"4":{"start":{"line":75,"column":2},"end":{"line":82,"column":null}},"5":{"start":{"line":87,"column":2},"end":{"line":95,"column":null}},"6":{"start":{"line":103,"column":2},"end":{"line":112,"column":null}},"7":{"start":{"line":117,"column":2},"end":{"line":125,"column":null}},"8":{"start":{"line":130,"column":2},"end":{"line":140,"column":null}},"9":{"start":{"line":151,"column":2},"end":{"line":170,"column":null}},"10":{"start":{"line":182,"column":18},"end":{"line":207,"column":null}},"11":{"start":{"line":183,"column":4},"end":{"line":185,"column":null}},"12":{"start":{"line":184,"column":6},"end":{"line":184,"column":null}},"13":{"start":{"line":187,"column":4},"end":{"line":189,"column":null}},"14":{"start":{"line":188,"column":6},"end":{"line":188,"column":null}},"15":{"start":{"line":191,"column":25},"end":{"line":193,"column":null}},"16":{"start":{"line":192,"column":39},"end":{"line":192,"column":62}},"17":{"start":{"line":195,"column":4},"end":{"line":197,"column":null}},"18":{"start":{"line":196,"column":6},"end":{"line":196,"column":null}},"19":{"start":{"line":199,"column":4},"end":{"line":205,"column":null}},"20":{"start":{"line":203,"column":12},"end":{"line":203,"column":null}},"21":{"start":{"line":209,"column":2},"end":{"line":211,"column":null}},"22":{"start":{"line":210,"column":4},"end":{"line":210,"column":null}},"23":{"start":{"line":213,"column":2},"end":{"line":221,"column":null}}},"fnMap":{"0":{"name":"FieldSet","decl":{"start":{"line":8,"column":9},"end":{"line":8,"column":18}},"loc":{"start":{"line":8,"column":77},"end":{"line":19,"column":null}},"line":8},"1":{"name":"FieldLegend","decl":{"start":{"line":21,"column":9},"end":{"line":21,"column":21}},"loc":{"start":{"line":25,"column":70},"end":{"line":37,"column":null}},"line":25},"2":{"name":"FieldGroup","decl":{"start":{"line":39,"column":9},"end":{"line":39,"column":20}},"loc":{"start":{"line":39,"column":74},"end":{"line":50,"column":null}},"line":39},"3":{"name":"Field","decl":{"start":{"line":70,"column":9},"end":{"line":70,"column":15}},"loc":{"start":{"line":74,"column":69},"end":{"line":84,"column":null}},"line":74},"4":{"name":"FieldContent","decl":{"start":{"line":86,"column":9},"end":{"line":86,"column":22}},"loc":{"start":{"line":86,"column":76},"end":{"line":97,"column":null}},"line":86},"5":{"name":"FieldLabel","decl":{"start":{"line":99,"column":9},"end":{"line":99,"column":20}},"loc":{"start":{"line":102,"column":39},"end":{"line":114,"column":null}},"line":102},"6":{"name":"FieldTitle","decl":{"start":{"line":116,"column":9},"end":{"line":116,"column":20}},"loc":{"start":{"line":116,"column":74},"end":{"line":127,"column":null}},"line":116},"7":{"name":"FieldDescription","decl":{"start":{"line":129,"column":9},"end":{"line":129,"column":26}},"loc":{"start":{"line":129,"column":78},"end":{"line":142,"column":null}},"line":129},"8":{"name":"FieldSeparator","decl":{"start":{"line":144,"column":9},"end":{"line":144,"column":24}},"loc":{"start":{"line":150,"column":3},"end":{"line":172,"column":null}},"line":150},"9":{"name":"FieldError","decl":{"start":{"line":174,"column":9},"end":{"line":174,"column":20}},"loc":{"start":{"line":181,"column":3},"end":{"line":223,"column":null}},"line":181},"10":{"name":"(anonymous_10)","decl":{"start":{"line":182,"column":18},"end":{"line":182,"column":32}},"loc":{"start":{"line":182,"column":32},"end":{"line":207,"column":5}},"line":182},"11":{"name":"(anonymous_11)","decl":{"start":{"line":192,"column":24},"end":{"line":192,"column":29}},"loc":{"start":{"line":192,"column":39},"end":{"line":192,"column":62}},"line":192},"12":{"name":"(anonymous_12)","decl":{"start":{"line":201,"column":22},"end":{"line":201,"column":null}},"loc":{"start":{"line":203,"column":12},"end":{"line":203,"column":null}},"line":203}},"branchMap":{"0":{"loc":{"start":{"line":23,"column":2},"end":{"line":23,"column":null}},"type":"default-arg","locations":[{"start":{"line":23,"column":12},"end":{"line":23,"column":null}}],"line":23},"1":{"loc":{"start":{"line":72,"column":2},"end":{"line":72,"column":null}},"type":"default-arg","locations":[{"start":{"line":72,"column":16},"end":{"line":72,"column":null}}],"line":72},"2":{"loc":{"start":{"line":162,"column":7},"end":{"line":170,"column":null}},"type":"binary-expr","locations":[{"start":{"line":162,"column":7},"end":{"line":162,"column":null}},{"start":{"line":163,"column":8},"end":{"line":170,"column":null}}],"line":162},"3":{"loc":{"start":{"line":183,"column":4},"end":{"line":185,"column":null}},"type":"if","locations":[{"start":{"line":183,"column":4},"end":{"line":185,"column":null}},{"start":{},"end":{}}],"line":183},"4":{"loc":{"start":{"line":187,"column":4},"end":{"line":189,"column":null}},"type":"if","locations":[{"start":{"line":187,"column":4},"end":{"line":189,"column":null}},{"start":{},"end":{}}],"line":187},"5":{"loc":{"start":{"line":195,"column":4},"end":{"line":197,"column":null}},"type":"if","locations":[{"start":{"line":195,"column":4},"end":{"line":197,"column":null}},{"start":{},"end":{}}],"line":195},"6":{"loc":{"start":{"line":203,"column":12},"end":{"line":203,"column":null}},"type":"binary-expr","locations":[{"start":{"line":203,"column":12},"end":{"line":203,"column":30}},{"start":{"line":203,"column":30},"end":{"line":203,"column":null}}],"line":203},"7":{"loc":{"start":{"line":209,"column":2},"end":{"line":211,"column":null}},"type":"if","locations":[{"start":{"line":209,"column":2},"end":{"line":211,"column":null}},{"start":{},"end":{}}],"line":209}},"s":{"0":0,"1":0,"2":9,"3":1,"4":27,"5":0,"6":27,"7":0,"8":0,"9":0,"10":2,"11":2,"12":2,"13":0,"14":0,"15":0,"16":0,"17":0,"18":0,"19":0,"20":0,"21":2,"22":0,"23":2},"f":{"0":0,"1":0,"2":9,"3":27,"4":0,"5":27,"6":0,"7":0,"8":0,"9":2,"10":2,"11":0,"12":0},"b":{"0":[0],"1":[27],"2":[0,0],"3":[2,0],"4":[0,0],"5":[0,0],"6":[0,0],"7":[0,2]},"meta":{"lastBranch":8,"lastFunction":13,"lastStatement":24,"seen":{"f:8:9:8:18":0,"s:9:2:17:Infinity":0,"f:21:9:21:21":1,"b:23:12:23:Infinity":0,"s:26:2:35:Infinity":1,"f:39:9:39:20":2,"s:40:2:48:Infinity":2,"s:52:22:68:Infinity":3,"f:70:9:70:15":3,"b:72:16:72:Infinity":1,"s:75:2:82:Infinity":4,"f:86:9:86:22":4,"s:87:2:95:Infinity":5,"f:99:9:99:20":5,"s:103:2:112:Infinity":6,"f:116:9:116:20":6,"s:117:2:125:Infinity":7,"f:129:9:129:26":7,"s:130:2:140:Infinity":8,"f:144:9:144:24":8,"s:151:2:170:Infinity":9,"b:162:7:162:Infinity:163:8:170:Infinity":2,"f:174:9:174:20":9,"s:182:18:207:Infinity":10,"f:182:18:182:32":10,"b:183:4:185:Infinity:undefined:undefined:undefined:undefined":3,"s:183:4:185:Infinity":11,"s:184:6:184:Infinity":12,"b:187:4:189:Infinity:undefined:undefined:undefined:undefined":4,"s:187:4:189:Infinity":13,"s:188:6:188:Infinity":14,"s:191:25:193:Infinity":15,"f:192:24:192:29":11,"s:192:39:192:62":16,"b:195:4:197:Infinity:undefined:undefined:undefined:undefined":5,"s:195:4:197:Infinity":17,"s:196:6:196:Infinity":18,"s:199:4:205:Infinity":19,"f:201:22:201:Infinity":12,"s:203:12:203:Infinity":20,"b:203:12:203:30:203:30:203:Infinity":6,"b:209:2:211:Infinity:undefined:undefined:undefined:undefined":7,"s:209:2:211:Infinity":21,"s:210:4:210:Infinity":22,"s:213:2:221:Infinity":23},"fnNames":{}}}
,"/Volumes/SSD/Code with Mosh/Building App with Claude Code/Helpdesk/client/src/components/ui/input.tsx": {"path":"/Volumes/SSD/Code with Mosh/Building App with Claude Code/Helpdesk/client/src/components/ui/input.tsx","statementMap":{"0":{"start":{"line":7,"column":2},"end":{"line":16,"column":null}}},"fnMap":{"0":{"name":"Input","decl":{"start":{"line":6,"column":9},"end":{"line":6,"column":15}},"loc":{"start":{"line":6,"column":77},"end":{"line":18,"column":null}},"line":6}},"branchMap":{},"s":{"0":18},"f":{"0":18},"b":{},"meta":{"lastBranch":0,"lastFunction":1,"lastStatement":1,"seen":{"f:6:9:6:15":0,"s:7:2:16:Infinity":0},"fnNames":{}}}
,"/Volumes/SSD/Code with Mosh/Building App with Claude Code/Helpdesk/client/src/components/ui/label.tsx": {"path":"/Volumes/SSD/Code with Mosh/Building App with Claude Code/Helpdesk/client/src/components/ui/label.tsx","statementMap":{"0":{"start":{"line":6,"column":2},"end":{"line":14,"column":null}}},"fnMap":{"0":{"name":"Label","decl":{"start":{"line":5,"column":9},"end":{"line":5,"column":15}},"loc":{"start":{"line":5,"column":71},"end":{"line":16,"column":null}},"line":5}},"branchMap":{},"s":{"0":27},"f":{"0":27},"b":{},"meta":{"lastBranch":0,"lastFunction":1,"lastStatement":1,"seen":{"f:5:9:5:15":0,"s:6:2:14:Infinity":0},"fnNames":{}}}
,"/Volumes/SSD/Code with Mosh/Building App with Claude Code/Helpdesk/client/src/components/ui/select.tsx": {"path":"/Volumes/SSD/Code with Mosh/Building App with Claude Code/Helpdesk/client/src/components/ui/select.tsx","statementMap":{"0":{"start":{"line":1,"column":0},"end":{"line":1,"column":null}},"1":{"start":{"line":9,"column":15},"end":{"line":9,"column":null}},"2":{"start":{"line":12,"column":2},"end":{"line":17,"column":null}},"3":{"start":{"line":22,"column":2},"end":{"line":27,"column":null}},"4":{"start":{"line":39,"column":2},"end":{"line":55,"column":null}},"5":{"start":{"line":73,"column":2},"end":{"line":94,"column":null}},"6":{"start":{"line":102,"column":2},"end":{"line":107,"column":null}},"7":{"start":{"line":116,"column":2},"end":{"line":135,"column":null}},"8":{"start":{"line":143,"column":2},"end":{"line":148,"column":null}},"9":{"start":{"line":156,"column":2},"end":{"line":167,"column":null}},"10":{"start":{"line":175,"column":2},"end":{"line":186,"column":null}}},"fnMap":{"0":{"name":"SelectGroup","decl":{"start":{"line":11,"column":9},"end":{"line":11,"column":21}},"loc":{"start":{"line":11,"column":75},"end":{"line":19,"column":null}},"line":11},"1":{"name":"SelectValue","decl":{"start":{"line":21,"column":9},"end":{"line":21,"column":21}},"loc":{"start":{"line":21,"column":75},"end":{"line":29,"column":null}},"line":21},"2":{"name":"SelectTrigger","decl":{"start":{"line":31,"column":9},"end":{"line":31,"column":23}},"loc":{"start":{"line":38,"column":3},"end":{"line":57,"column":null}},"line":38},"3":{"name":"SelectContent","decl":{"start":{"line":59,"column":9},"end":{"line":59,"column":23}},"loc":{"start":{"line":72,"column":5},"end":{"line":96,"column":null}},"line":72},"4":{"name":"SelectLabel","decl":{"start":{"line":98,"column":9},"end":{"line":98,"column":21}},"loc":{"start":{"line":101,"column":37},"end":{"line":109,"column":null}},"line":101},"5":{"name":"SelectItem","decl":{"start":{"line":111,"column":9},"end":{"line":111,"column":20}},"loc":{"start":{"line":115,"column":31},"end":{"line":137,"column":null}},"line":115},"6":{"name":"SelectSeparator","decl":{"start":{"line":139,"column":9},"end":{"line":139,"column":25}},"loc":{"start":{"line":142,"column":36},"end":{"line":150,"column":null}},"line":142},"7":{"name":"SelectScrollUpButton","decl":{"start":{"line":152,"column":9},"end":{"line":152,"column":30}},"loc":{"start":{"line":155,"column":63},"end":{"line":169,"column":null}},"line":155},"8":{"name":"SelectScrollDownButton","decl":{"start":{"line":171,"column":9},"end":{"line":171,"column":32}},"loc":{"start":{"line":174,"column":65},"end":{"line":188,"column":null}},"line":174}},"branchMap":{"0":{"loc":{"start":{"line":33,"column":2},"end":{"line":33,"column":null}},"type":"default-arg","locations":[{"start":{"line":33,"column":9},"end":{"line":33,"column":null}}],"line":33},"1":{"loc":{"start":{"line":62,"column":2},"end":{"line":62,"column":null}},"type":"default-arg","locations":[{"start":{"line":62,"column":9},"end":{"line":62,"column":null}}],"line":62},"2":{"loc":{"start":{"line":63,"column":2},"end":{"line":63,"column":null}},"type":"default-arg","locations":[{"start":{"line":63,"column":15},"end":{"line":63,"column":null}}],"line":63},"3":{"loc":{"start":{"line":64,"column":2},"end":{"line":64,"column":null}},"type":"default-arg","locations":[{"start":{"line":64,"column":10},"end":{"line":64,"column":null}}],"line":64},"4":{"loc":{"start":{"line":65,"column":2},"end":{"line":65,"column":null}},"type":"default-arg","locations":[{"start":{"line":65,"column":16},"end":{"line":65,"column":null}}],"line":65},"5":{"loc":{"start":{"line":66,"column":2},"end":{"line":66,"column":null}},"type":"default-arg","locations":[{"start":{"line":66,"column":25},"end":{"line":66,"column":null}}],"line":66}},"s":{"0":1,"1":1,"2":0,"3":40,"4":40,"5":40,"6":0,"7":8,"8":0,"9":2,"10":2},"f":{"0":0,"1":40,"2":40,"3":40,"4":0,"5":8,"6":0,"7":2,"8":2},"b":{"0":[40],"1":[40],"2":[40],"3":[40],"4":[40],"5":[40]},"meta":{"lastBranch":6,"lastFunction":9,"lastStatement":11,"seen":{"s:1:0:1:Infinity":0,"s:9:15:9:Infinity":1,"f:11:9:11:21":0,"s:12:2:17:Infinity":2,"f:21:9:21:21":1,"s:22:2:27:Infinity":3,"f:31:9:31:23":2,"b:33:9:33:Infinity":0,"s:39:2:55:Infinity":4,"f:59:9:59:23":3,"b:62:9:62:Infinity":1,"b:63:15:63:Infinity":2,"b:64:10:64:Infinity":3,"b:65:16:65:Infinity":4,"b:66:25:66:Infinity":5,"s:73:2:94:Infinity":5,"f:98:9:98:21":4,"s:102:2:107:Infinity":6,"f:111:9:111:20":5,"s:116:2:135:Infinity":7,"f:139:9:139:25":6,"s:143:2:148:Infinity":8,"f:152:9:152:30":7,"s:156:2:167:Infinity":9,"f:171:9:171:32":8,"s:175:2:186:Infinity":10},"fnNames":{}}}
,"/Volumes/SSD/Code with Mosh/Building App with Claude Code/Helpdesk/client/src/components/ui/separator.tsx": {"path":"/Volumes/SSD/Code with Mosh/Building App with Claude Code/Helpdesk/client/src/components/ui/separator.tsx","statementMap":{"0":{"start":{"line":1,"column":0},"end":{"line":1,"column":null}},"1":{"start":{"line":12,"column":2},"end":{"line":21,"column":null}}},"fnMap":{"0":{"name":"Separator","decl":{"start":{"line":7,"column":9},"end":{"line":7,"column":19}},"loc":{"start":{"line":11,"column":29},"end":{"line":23,"column":null}},"line":11}},"branchMap":{"0":{"loc":{"start":{"line":9,"column":2},"end":{"line":9,"column":null}},"type":"default-arg","locations":[{"start":{"line":9,"column":16},"end":{"line":9,"column":null}}],"line":9}},"s":{"0":1,"1":0},"f":{"0":0},"b":{"0":[0]},"meta":{"lastBranch":1,"lastFunction":1,"lastStatement":2,"seen":{"s:1:0:1:Infinity":0,"f:7:9:7:19":0,"b:9:16:9:Infinity":0,"s:12:2:21:Infinity":1},"fnNames":{}}}
,"/Volumes/SSD/Code with Mosh/Building App with Claude Code/Helpdesk/client/src/components/ui/skeleton.tsx": {"path":"/Volumes/SSD/Code with Mosh/Building App with Claude Code/Helpdesk/client/src/components/ui/skeleton.tsx","statementMap":{"0":{"start":{"line":4,"column":2},"end":{"line":9,"column":null}}},"fnMap":{"0":{"name":"Skeleton","decl":{"start":{"line":3,"column":9},"end":{"line":3,"column":18}},"loc":{"start":{"line":3,"column":72},"end":{"line":11,"column":null}},"line":3}},"branchMap":{},"s":{"0":558},"f":{"0":558},"b":{},"meta":{"lastBranch":0,"lastFunction":1,"lastStatement":1,"seen":{"f:3:9:3:18":0,"s:4:2:9:Infinity":0},"fnNames":{}}}
,"/Volumes/SSD/Code with Mosh/Building App with Claude Code/Helpdesk/client/src/components/ui/table.tsx": {"path":"/Volumes/SSD/Code with Mosh/Building App with Claude Code/Helpdesk/client/src/components/ui/table.tsx","statementMap":{"0":{"start":{"line":6,"column":2},"end":{"line":16,"column":null}},"1":{"start":{"line":21,"column":2},"end":{"line":26,"column":null}},"2":{"start":{"line":31,"column":2},"end":{"line":36,"column":null}},"3":{"start":{"line":41,"column":2},"end":{"line":49,"column":null}},"4":{"start":{"line":54,"column":2},"end":{"line":62,"column":null}},"5":{"start":{"line":67,"column":2},"end":{"line":75,"column":null}},"6":{"start":{"line":80,"column":2},"end":{"line":88,"column":null}},"7":{"start":{"line":96,"column":2},"end":{"line":101,"column":null}}},"fnMap":{"0":{"name":"Table","decl":{"start":{"line":5,"column":9},"end":{"line":5,"column":15}},"loc":{"start":{"line":5,"column":71},"end":{"line":18,"column":null}},"line":5},"1":{"name":"TableHeader","decl":{"start":{"line":20,"column":9},"end":{"line":20,"column":21}},"loc":{"start":{"line":20,"column":77},"end":{"line":28,"column":null}},"line":20},"2":{"name":"TableBody","decl":{"start":{"line":30,"column":9},"end":{"line":30,"column":19}},"loc":{"start":{"line":30,"column":75},"end":{"line":38,"column":null}},"line":30},"3":{"name":"TableFooter","decl":{"start":{"line":40,"column":9},"end":{"line":40,"column":21}},"loc":{"start":{"line":40,"column":77},"end":{"line":51,"column":null}},"line":40},"4":{"name":"TableRow","decl":{"start":{"line":53,"column":9},"end":{"line":53,"column":18}},"loc":{"start":{"line":53,"column":71},"end":{"line":64,"column":null}},"line":53},"5":{"name":"TableHead","decl":{"start":{"line":66,"column":9},"end":{"line":66,"column":19}},"loc":{"start":{"line":66,"column":72},"end":{"line":77,"column":null}},"line":66},"6":{"name":"TableCell","decl":{"start":{"line":79,"column":9},"end":{"line":79,"column":19}},"loc":{"start":{"line":79,"column":72},"end":{"line":90,"column":null}},"line":79},"7":{"name":"TableCaption","decl":{"start":{"line":92,"column":9},"end":{"line":92,"column":22}},"loc":{"start":{"line":95,"column":36},"end":{"line":103,"column":null}},"line":95}},"branchMap":{},"s":{"0":46,"1":46,"2":46,"3":0,"4":169,"5":276,"6":738,"7":0},"f":{"0":46,"1":46,"2":46,"3":0,"4":169,"5":276,"6":738,"7":0},"b":{},"meta":{"lastBranch":0,"lastFunction":8,"lastStatement":8,"seen":{"f:5:9:5:15":0,"s:6:2:16:Infinity":0,"f:20:9:20:21":1,"s:21:2:26:Infinity":1,"f:30:9:30:19":2,"s:31:2:36:Infinity":2,"f:40:9:40:21":3,"s:41:2:49:Infinity":3,"f:53:9:53:18":4,"s:54:2:62:Infinity":4,"f:66:9:66:19":5,"s:67:2:75:Infinity":5,"f:79:9:79:19":6,"s:80:2:88:Infinity":6,"f:92:9:92:22":7,"s:96:2:101:Infinity":7},"fnNames":{}}}
,"/Volumes/SSD/Code with Mosh/Building App with Claude Code/Helpdesk/client/src/lib/api.ts": {"path":"/Volumes/SSD/Code with Mosh/Building App with Claude Code/Helpdesk/client/src/lib/api.ts","statementMap":{"0":{"start":{"line":5,"column":2},"end":{"line":5,"column":null}},"1":{"start":{"line":17,"column":19},"end":{"line":20,"column":null}},"2":{"start":{"line":36,"column":2},"end":{"line":39,"column":null}},"3":{"start":{"line":38,"column":4},"end":{"line":38,"column":null}},"4":{"start":{"line":41,"column":17},"end":{"line":41,"column":null}},"5":{"start":{"line":42,"column":15},"end":{"line":42,"column":null}},"6":{"start":{"line":44,"column":2},"end":{"line":48,"column":null}}},"fnMap":{"0":{"name":"readApiError","decl":{"start":{"line":32,"column":16},"end":{"line":32,"column":null}},"loc":{"start":{"line":35,"column":72},"end":{"line":49,"column":null}},"line":35}},"branchMap":{"0":{"loc":{"start":{"line":5,"column":2},"end":{"line":5,"column":null}},"type":"binary-expr","locations":[{"start":{"line":5,"column":2},"end":{"line":5,"column":34}},{"start":{"line":5,"column":34},"end":{"line":5,"column":null}}],"line":5},"1":{"loc":{"start":{"line":36,"column":2},"end":{"line":39,"column":null}},"type":"if","locations":[{"start":{"line":36,"column":2},"end":{"line":39,"column":null}},{"start":{},"end":{}}],"line":36},"2":{"loc":{"start":{"line":45,"column":13},"end":{"line":45,"column":null}},"type":"binary-expr","locations":[{"start":{"line":45,"column":13},"end":{"line":45,"column":29}},{"start":{"line":45,"column":29},"end":{"line":45,"column":null}}],"line":45},"3":{"loc":{"start":{"line":45,"column":29},"end":{"line":45,"column":null}},"type":"cond-expr","locations":[{"start":{"line":45,"column":38},"end":{"line":45,"column":66}},{"start":{"line":45,"column":66},"end":{"line":45,"column":null}}],"line":45},"4":{"loc":{"start":{"line":46,"column":12},"end":{"line":46,"column":null}},"type":"binary-expr","locations":[{"start":{"line":46,"column":12},"end":{"line":46,"column":28}},{"start":{"line":46,"column":28},"end":{"line":46,"column":null}}],"line":46}},"s":{"0":1,"1":1,"2":0,"3":0,"4":0,"5":0,"6":0},"f":{"0":0},"b":{"0":[1,1],"1":[0,0],"2":[0,0],"3":[0,0],"4":[0,0]},"meta":{"lastBranch":5,"lastFunction":1,"lastStatement":7,"seen":{"s:5:2:5:Infinity":0,"b:5:2:5:34:5:34:5:Infinity":0,"s:17:19:20:Infinity":1,"f:32:16:32:Infinity":0,"b:36:2:39:Infinity:undefined:undefined:undefined:undefined":1,"s:36:2:39:Infinity":2,"s:38:4:38:Infinity":3,"s:41:17:41:Infinity":4,"s:42:15:42:Infinity":5,"s:44:2:48:Infinity":6,"b:45:13:45:29:45:29:45:Infinity":2,"b:45:38:45:66:45:66:45:Infinity":3,"b:46:12:46:28:46:28:46:Infinity":4},"fnNames":{}}}
,"/Volumes/SSD/Code with Mosh/Building App with Claude Code/Helpdesk/client/src/lib/auth-client.ts": {"path":"/Volumes/SSD/Code with Mosh/Building App with Claude Code/Helpdesk/client/src/lib/auth-client.ts","statementMap":{"0":{"start":{"line":7,"column":26},"end":{"line":9,"column":null}},"1":{"start":{"line":11,"column":47},"end":{"line":11,"column":null}}},"fnMap":{},"branchMap":{},"s":{"0":1,"1":1},"f":{},"b":{},"meta":{"lastBranch":0,"lastFunction":0,"lastStatement":2,"seen":{"s:7:26:9:Infinity":0,"s:11:47:11:Infinity":1},"fnNames":{}}}
,"/Volumes/SSD/Code with Mosh/Building App with Claude Code/Helpdesk/client/src/lib/me.ts": {"path":"/Volumes/SSD/Code with Mosh/Building App with Claude Code/Helpdesk/client/src/lib/me.ts","statementMap":{"0":{"start":{"line":17,"column":2},"end":{"line":24,"column":null}},"1":{"start":{"line":18,"column":21},"end":{"line":18,"column":null}},"2":{"start":{"line":19,"column":4},"end":{"line":19,"column":null}},"3":{"start":{"line":21,"column":32},"end":{"line":21,"column":null}},"4":{"start":{"line":22,"column":4},"end":{"line":22,"column":null}},"5":{"start":{"line":22,"column":24},"end":{"line":22,"column":null}},"6":{"start":{"line":23,"column":4},"end":{"line":23,"column":null}},"7":{"start":{"line":33,"column":2},"end":{"line":33,"column":null}},"8":{"start":{"line":33,"column":45},"end":{"line":33,"column":60}}},"fnMap":{"0":{"name":"fetchMe","decl":{"start":{"line":16,"column":22},"end":{"line":16,"column":52}},"loc":{"start":{"line":16,"column":52},"end":{"line":25,"column":null}},"line":16},"1":{"name":"hasRole","decl":{"start":{"line":32,"column":16},"end":{"line":32,"column":24}},"loc":{"start":{"line":32,"column":72},"end":{"line":34,"column":null}},"line":32},"2":{"name":"(anonymous_2)","decl":{"start":{"line":33,"column":33},"end":{"line":33,"column":39}},"loc":{"start":{"line":33,"column":45},"end":{"line":33,"column":60}},"line":33}},"branchMap":{"0":{"loc":{"start":{"line":22,"column":4},"end":{"line":22,"column":null}},"type":"if","locations":[{"start":{"line":22,"column":4},"end":{"line":22,"column":null}},{"start":{},"end":{}}],"line":22}},"s":{"0":0,"1":0,"2":0,"3":0,"4":0,"5":0,"6":0,"7":47,"8":31},"f":{"0":0,"1":47,"2":31},"b":{"0":[0,0]},"meta":{"lastBranch":1,"lastFunction":3,"lastStatement":9,"seen":{"f:16:22:16:52":0,"s:17:2:24:Infinity":0,"s:18:21:18:Infinity":1,"s:19:4:19:Infinity":2,"s:21:32:21:Infinity":3,"b:22:4:22:Infinity:undefined:undefined:undefined:undefined":0,"s:22:4:22:Infinity":4,"s:22:24:22:Infinity":5,"s:23:4:23:Infinity":6,"f:32:16:32:24":1,"s:33:2:33:Infinity":7,"f:33:33:33:39":2,"s:33:45:33:60":8},"fnNames":{}}}
,"/Volumes/SSD/Code with Mosh/Building App with Claude Code/Helpdesk/client/src/lib/members.ts": {"path":"/Volumes/SSD/Code with Mosh/Building App with Claude Code/Helpdesk/client/src/lib/members.ts","statementMap":{"0":{"start":{"line":13,"column":49},"end":{"line":18,"column":null}},"1":{"start":{"line":25,"column":4},"end":{"line":25,"column":null}},"2":{"start":{"line":26,"column":4},"end":{"line":26,"column":null}},"3":{"start":{"line":27,"column":4},"end":{"line":27,"column":null}},"4":{"start":{"line":33,"column":2},"end":{"line":39,"column":null}},"5":{"start":{"line":34,"column":21},"end":{"line":34,"column":null}},"6":{"start":{"line":35,"column":4},"end":{"line":35,"column":null}},"7":{"start":{"line":37,"column":32},"end":{"line":37,"column":null}},"8":{"start":{"line":38,"column":4},"end":{"line":38,"column":null}},"9":{"start":{"line":43,"column":2},"end":{"line":43,"column":null}},"10":{"start":{"line":43,"column":23},"end":{"line":43,"column":70}},"11":{"start":{"line":57,"column":2},"end":{"line":57,"column":null}},"12":{"start":{"line":57,"column":23},"end":{"line":57,"column":78}},"13":{"start":{"line":65,"column":2},"end":{"line":65,"column":null}},"14":{"start":{"line":65,"column":23},"end":{"line":65,"column":95}}},"fnMap":{"0":{"name":"constructor","decl":{"start":{"line":24,"column":2},"end":{"line":24,"column":14}},"loc":{"start":{"line":24,"column":68},"end":{"line":28,"column":null}},"line":24},"1":{"name":"request","decl":{"start":{"line":32,"column":15},"end":{"line":32,"column":26}},"loc":{"start":{"line":32,"column":72},"end":{"line":40,"column":null}},"line":32},"2":{"name":"fetchMembers","decl":{"start":{"line":42,"column":16},"end":{"line":42,"column":29}},"loc":{"start":{"line":42,"column":82},"end":{"line":44,"column":null}},"line":42},"3":{"name":"(anonymous_3)","decl":{"start":{"line":43,"column":9},"end":{"line":43,"column":23}},"loc":{"start":{"line":43,"column":23},"end":{"line":43,"column":70}},"line":43},"4":{"name":"addMember","decl":{"start":{"line":53,"column":16},"end":{"line":53,"column":null}},"loc":{"start":{"line":56,"column":59},"end":{"line":58,"column":null}},"line":56},"5":{"name":"(anonymous_5)","decl":{"start":{"line":57,"column":9},"end":{"line":57,"column":23}},"loc":{"start":{"line":57,"column":23},"end":{"line":57,"column":78}},"line":57},"6":{"name":"updateMember","decl":{"start":{"line":60,"column":16},"end":{"line":60,"column":null}},"loc":{"start":{"line":64,"column":31},"end":{"line":66,"column":null}},"line":64},"7":{"name":"(anonymous_7)","decl":{"start":{"line":65,"column":9},"end":{"line":65,"column":23}},"loc":{"start":{"line":65,"column":23},"end":{"line":65,"column":95}},"line":65}},"branchMap":{"0":{"loc":{"start":{"line":24,"column":31},"end":{"line":24,"column":68}},"type":"default-arg","locations":[{"start":{"line":24,"column":64},"end":{"line":24,"column":68}}],"line":24}},"s":{"0":1,"1":3,"2":3,"3":3,"4":0,"5":0,"6":0,"7":0,"8":0,"9":0,"10":0,"11":0,"12":0,"13":0,"14":0},"f":{"0":3,"1":0,"2":0,"3":0,"4":0,"5":0,"6":0,"7":0},"b":{"0":[3]},"meta":{"lastBranch":1,"lastFunction":8,"lastStatement":15,"seen":{"s:13:49:18:Infinity":0,"f:24:2:24:14":0,"b:24:64:24:68":0,"s:25:4:25:Infinity":1,"s:26:4:26:Infinity":2,"s:27:4:27:Infinity":3,"f:32:15:32:26":1,"s:33:2:39:Infinity":4,"s:34:21:34:Infinity":5,"s:35:4:35:Infinity":6,"s:37:32:37:Infinity":7,"s:38:4:38:Infinity":8,"f:42:16:42:29":2,"s:43:2:43:Infinity":9,"f:43:9:43:23":3,"s:43:23:43:70":10,"f:53:16:53:Infinity":4,"s:57:2:57:Infinity":11,"f:57:9:57:23":5,"s:57:23:57:78":12,"f:60:16:60:Infinity":6,"s:65:2:65:Infinity":13,"f:65:9:65:23":7,"s:65:23:65:95":14},"fnNames":{}}}
,"/Volumes/SSD/Code with Mosh/Building App with Claude Code/Helpdesk/client/src/lib/schemas.ts": {"path":"/Volumes/SSD/Code with Mosh/Building App with Claude Code/Helpdesk/client/src/lib/schemas.ts","statementMap":{"0":{"start":{"line":8,"column":35},"end":{"line":8,"column":null}},"1":{"start":{"line":10,"column":28},"end":{"line":30,"column":null}},"2":{"start":{"line":38,"column":27},"end":{"line":41,"column":null}},"3":{"start":{"line":49,"column":31},"end":{"line":59,"column":null}}},"fnMap":{},"branchMap":{},"s":{"0":1,"1":1,"2":1,"3":1},"f":{},"b":{},"meta":{"lastBranch":0,"lastFunction":0,"lastStatement":4,"seen":{"s:8:35:8:Infinity":0,"s:10:28:30:Infinity":1,"s:38:27:41:Infinity":2,"s:49:31:59:Infinity":3},"fnNames":{}}}
,"/Volumes/SSD/Code with Mosh/Building App with Claude Code/Helpdesk/client/src/lib/theme-context.ts": {"path":"/Volumes/SSD/Code with Mosh/Building App with Claude Code/Helpdesk/client/src/lib/theme-context.ts","statementMap":{"0":{"start":{"line":5,"column":33},"end":{"line":5,"column":null}},"1":{"start":{"line":13,"column":28},"end":{"line":13,"column":null}},"2":{"start":{"line":16,"column":18},"end":{"line":16,"column":null}},"3":{"start":{"line":17,"column":2},"end":{"line":17,"column":null}},"4":{"start":{"line":17,"column":16},"end":{"line":17,"column":null}},"5":{"start":{"line":18,"column":2},"end":{"line":18,"column":null}}},"fnMap":{"0":{"name":"useTheme","decl":{"start":{"line":15,"column":16},"end":{"line":15,"column":46}},"loc":{"start":{"line":15,"column":46},"end":{"line":19,"column":null}},"line":15}},"branchMap":{"0":{"loc":{"start":{"line":17,"column":2},"end":{"line":17,"column":null}},"type":"if","locations":[{"start":{"line":17,"column":2},"end":{"line":17,"column":null}},{"start":{},"end":{}}],"line":17}},"s":{"0":1,"1":1,"2":47,"3":47,"4":0,"5":47},"f":{"0":47},"b":{"0":[0,47]},"meta":{"lastBranch":1,"lastFunction":1,"lastStatement":6,"seen":{"s:5:33:5:Infinity":0,"s:13:28:13:Infinity":1,"f:15:16:15:46":0,"s:16:18:16:Infinity":2,"b:17:2:17:Infinity:undefined:undefined:undefined:undefined":0,"s:17:2:17:Infinity":3,"s:17:16:17:Infinity":4,"s:18:2:18:Infinity":5},"fnNames":{}}}
,"/Volumes/SSD/Code with Mosh/Building App with Claude Code/Helpdesk/client/src/lib/theme.tsx": {"path":"/Volumes/SSD/Code with Mosh/Building App with Claude Code/Helpdesk/client/src/lib/theme.tsx","statementMap":{"0":{"start":{"line":7,"column":17},"end":{"line":7,"column":null}},"1":{"start":{"line":8,"column":2},"end":{"line":8,"column":null}},"2":{"start":{"line":8,"column":47},"end":{"line":8,"column":null}},"3":{"start":{"line":9,"column":2},"end":{"line":9,"column":null}},"4":{"start":{"line":14,"column":2},"end":{"line":14,"column":null}},"5":{"start":{"line":15,"column":2},"end":{"line":15,"column":null}},"6":{"start":{"line":19,"column":33},"end":{"line":19,"column":null}},"7":{"start":{"line":21,"column":2},"end":{"line":23,"column":null}},"8":{"start":{"line":22,"column":4},"end":{"line":22,"column":null}},"9":{"start":{"line":26,"column":2},"end":{"line":34,"column":null}},"10":{"start":{"line":27,"column":18},"end":{"line":27,"column":null}},"11":{"start":{"line":28,"column":10},"end":{"line":31,"column":null}},"12":{"start":{"line":29,"column":6},"end":{"line":29,"column":null}},"13":{"start":{"line":29,"column":51},"end":{"line":29,"column":null}},"14":{"start":{"line":30,"column":6},"end":{"line":30,"column":null}},"15":{"start":{"line":32,"column":4},"end":{"line":32,"column":null}},"16":{"start":{"line":33,"column":4},"end":{"line":33,"column":null}},"17":{"start":{"line":33,"column":17},"end":{"line":33,"column":null}},"18":{"start":{"line":36,"column":19},"end":{"line":39,"column":null}},"19":{"start":{"line":37,"column":4},"end":{"line":37,"column":null}},"20":{"start":{"line":38,"column":4},"end":{"line":38,"column":null}},"21":{"start":{"line":41,"column":22},"end":{"line":47,"column":null}},"22":{"start":{"line":42,"column":4},"end":{"line":46,"column":null}},"23":{"start":{"line":43,"column":19},"end":{"line":43,"column":null}},"24":{"start":{"line":44,"column":6},"end":{"line":44,"column":null}},"25":{"start":{"line":45,"column":6},"end":{"line":45,"column":null}},"26":{"start":{"line":49,"column":2},"end":{"line":50,"column":null}}},"fnMap":{"0":{"name":"readInitialTheme","decl":{"start":{"line":6,"column":9},"end":{"line":6,"column":35}},"loc":{"start":{"line":6,"column":35},"end":{"line":10,"column":null}},"line":6},"1":{"name":"applyTheme","decl":{"start":{"line":12,"column":9},"end":{"line":12,"column":20}},"loc":{"start":{"line":12,"column":34},"end":{"line":16,"column":null}},"line":12},"2":{"name":"ThemeProvider","decl":{"start":{"line":18,"column":16},"end":{"line":18,"column":30}},"loc":{"start":{"line":18,"column":69},"end":{"line":52,"column":null}},"line":18},"3":{"name":"(anonymous_3)","decl":{"start":{"line":21,"column":2},"end":{"line":21,"column":18}},"loc":{"start":{"line":21,"column":18},"end":{"line":23,"column":5}},"line":21},"4":{"name":"(anonymous_4)","decl":{"start":{"line":26,"column":2},"end":{"line":26,"column":18}},"loc":{"start":{"line":26,"column":18},"end":{"line":34,"column":5}},"line":26},"5":{"name":"(anonymous_5)","decl":{"start":{"line":28,"column":10},"end":{"line":28,"column":22}},"loc":{"start":{"line":28,"column":53},"end":{"line":31,"column":null}},"line":28},"6":{"name":"(anonymous_6)","decl":{"start":{"line":33,"column":4},"end":{"line":33,"column":17}},"loc":{"start":{"line":33,"column":17},"end":{"line":33,"column":null}},"line":33},"7":{"name":"(anonymous_7)","decl":{"start":{"line":36,"column":19},"end":{"line":36,"column":32}},"loc":{"start":{"line":36,"column":48},"end":{"line":39,"column":5}},"line":36},"8":{"name":"(anonymous_8)","decl":{"start":{"line":41,"column":22},"end":{"line":41,"column":40}},"loc":{"start":{"line":41,"column":40},"end":{"line":47,"column":5}},"line":41},"9":{"name":"(anonymous_9)","decl":{"start":{"line":42,"column":4},"end":{"line":42,"column":19}},"loc":{"start":{"line":42,"column":31},"end":{"line":46,"column":5}},"line":42}},"branchMap":{"0":{"loc":{"start":{"line":8,"column":2},"end":{"line":8,"column":null}},"type":"if","locations":[{"start":{"line":8,"column":2},"end":{"line":8,"column":null}},{"start":{},"end":{}}],"line":8},"1":{"loc":{"start":{"line":8,"column":6},"end":{"line":8,"column":47}},"type":"binary-expr","locations":[{"start":{"line":8,"column":6},"end":{"line":8,"column":28}},{"start":{"line":8,"column":28},"end":{"line":8,"column":47}}],"line":8},"2":{"loc":{"start":{"line":9,"column":9},"end":{"line":9,"column":null}},"type":"cond-expr","locations":[{"start":{"line":9,"column":69},"end":{"line":9,"column":78}},{"start":{"line":9,"column":78},"end":{"line":9,"column":null}}],"line":9},"3":{"loc":{"start":{"line":29,"column":6},"end":{"line":29,"column":null}},"type":"if","locations":[{"start":{"line":29,"column":6},"end":{"line":29,"column":null}},{"start":{},"end":{}}],"line":29},"4":{"loc":{"start":{"line":30,"column":20},"end":{"line":30,"column":52}},"type":"cond-expr","locations":[{"start":{"line":30,"column":36},"end":{"line":30,"column":45}},{"start":{"line":30,"column":45},"end":{"line":30,"column":52}}],"line":30},"5":{"loc":{"start":{"line":43,"column":19},"end":{"line":43,"column":null}},"type":"cond-expr","locations":[{"start":{"line":43,"column":40},"end":{"line":43,"column":50}},{"start":{"line":43,"column":50},"end":{"line":43,"column":null}}],"line":43}},"s":{"0":16,"1":16,"2":0,"3":16,"4":16,"5":16,"6":16,"7":16,"8":16,"9":16,"10":16,"11":16,"12":0,"13":0,"14":0,"15":16,"16":16,"17":16,"18":16,"19":0,"20":0,"21":16,"22":0,"23":0,"24":0,"25":0,"26":16},"f":{"0":16,"1":16,"2":16,"3":16,"4":16,"5":0,"6":16,"7":0,"8":0,"9":0},"b":{"0":[0,16],"1":[16,16],"2":[0,16],"3":[0,0],"4":[0,0],"5":[0,0]},"meta":{"lastBranch":6,"lastFunction":10,"lastStatement":27,"seen":{"f:6:9:6:35":0,"s:7:17:7:Infinity":0,"b:8:2:8:Infinity:undefined:undefined:undefined:undefined":0,"s:8:2:8:Infinity":1,"b:8:6:8:28:8:28:8:47":1,"s:8:47:8:Infinity":2,"s:9:2:9:Infinity":3,"b:9:69:9:78:9:78:9:Infinity":2,"f:12:9:12:20":1,"s:14:2:14:Infinity":4,"s:15:2:15:Infinity":5,"f:18:16:18:30":2,"s:19:33:19:Infinity":6,"s:21:2:23:Infinity":7,"f:21:2:21:18":3,"s:22:4:22:Infinity":8,"s:26:2:34:Infinity":9,"f:26:2:26:18":4,"s:27:18:27:Infinity":10,"s:28:10:31:Infinity":11,"f:28:10:28:22":5,"b:29:6:29:Infinity:undefined:undefined:undefined:undefined":3,"s:29:6:29:Infinity":12,"s:29:51:29:Infinity":13,"s:30:6:30:Infinity":14,"b:30:36:30:45:30:45:30:52":4,"s:32:4:32:Infinity":15,"s:33:4:33:Infinity":16,"f:33:4:33:17":6,"s:33:17:33:Infinity":17,"s:36:19:39:Infinity":18,"f:36:19:36:32":7,"s:37:4:37:Infinity":19,"s:38:4:38:Infinity":20,"s:41:22:47:Infinity":21,"f:41:22:41:40":8,"s:42:4:46:Infinity":22,"f:42:4:42:19":9,"s:43:19:43:Infinity":23,"b:43:40:43:50:43:50:43:Infinity":5,"s:44:6:44:Infinity":24,"s:45:6:45:Infinity":25,"s:49:2:50:Infinity":26},"fnNames":{}}}
,"/Volumes/SSD/Code with Mosh/Building App with Claude Code/Helpdesk/client/src/lib/utils.ts": {"path":"/Volumes/SSD/Code with Mosh/Building App with Claude Code/Helpdesk/client/src/lib/utils.ts","statementMap":{"0":{"start":{"line":5,"column":2},"end":{"line":5,"column":null}}},"fnMap":{"0":{"name":"cn","decl":{"start":{"line":4,"column":16},"end":{"line":4,"column":19}},"loc":{"start":{"line":4,"column":44},"end":{"line":6,"column":null}},"line":4}},"branchMap":{},"s":{"0":2564},"f":{"0":2564},"b":{},"meta":{"lastBranch":0,"lastFunction":1,"lastStatement":1,"seen":{"f:4:16:4:19":0,"s:5:2:5:Infinity":0},"fnNames":{}}}
,"/Volumes/SSD/Code with Mosh/Building App with Claude Code/Helpdesk/client/src/pages/UsersPage.tsx": {"path":"/Volumes/SSD/Code with Mosh/Building App with Claude Code/Helpdesk/client/src/pages/UsersPage.tsx","statementMap":{"0":{"start":{"line":13,"column":40},"end":{"line":13,"column":null}},"1":{"start":{"line":16,"column":23},"end":{"line":16,"column":null}},"2":{"start":{"line":17,"column":20},"end":{"line":17,"column":null}},"3":{"start":{"line":17,"column":48},"end":{"line":17,"column":66}},"4":{"start":{"line":24,"column":6},"end":{"line":28,"column":null}},"5":{"start":{"line":26,"column":19},"end":{"line":26,"column":null}},"6":{"start":{"line":30,"column":2},"end":{"line":77,"column":null}}},"fnMap":{"0":{"name":"UsersPage","decl":{"start":{"line":10,"column":16},"end":{"line":10,"column":28}},"loc":{"start":{"line":10,"column":28},"end":{"line":79,"column":null}},"line":10},"1":{"name":"(anonymous_1)","decl":{"start":{"line":17,"column":36},"end":{"line":17,"column":42}},"loc":{"start":{"line":17,"column":48},"end":{"line":17,"column":66}},"line":17},"2":{"name":"(anonymous_2)","decl":{"start":{"line":26,"column":4},"end":{"line":26,"column":19}},"loc":{"start":{"line":26,"column":19},"end":{"line":26,"column":null}},"line":26}},"branchMap":{"0":{"loc":{"start":{"line":38,"column":15},"end":{"line":40,"column":null}},"type":"cond-expr","locations":[{"start":{"line":39,"column":18},"end":{"line":39,"column":null}},{"start":{"line":40,"column":18},"end":{"line":40,"column":null}}],"line":38},"1":{"loc":{"start":{"line":43,"column":11},"end":{"line":44,"column":null}},"type":"binary-expr","locations":[{"start":{"line":43,"column":11},"end":{"line":43,"column":24}},{"start":{"line":43,"column":24},"end":{"line":44,"column":null}}],"line":43},"2":{"loc":{"start":{"line":46,"column":9},"end":{"line":52,"column":null}},"type":"binary-expr","locations":[{"start":{"line":46,"column":9},"end":{"line":46,"column":null}},{"start":{"line":47,"column":10},"end":{"line":52,"column":null}}],"line":46},"3":{"loc":{"start":{"line":56,"column":11},"end":{"line":73,"column":null}},"type":"cond-expr","locations":[{"start":{"line":57,"column":12},"end":{"line":58,"column":null}},{"start":{"line":58,"column":14},"end":{"line":73,"column":null}}],"line":56},"4":{"loc":{"start":{"line":58,"column":14},"end":{"line":73,"column":null}},"type":"cond-expr","locations":[{"start":{"line":59,"column":12},"end":{"line":65,"column":19}},{"start":{"line":65,"column":14},"end":{"line":73,"column":null}}],"line":58},"5":{"loc":{"start":{"line":65,"column":14},"end":{"line":73,"column":null}},"type":"cond-expr","locations":[{"start":{"line":66,"column":12},"end":{"line":68,"column":13}},{"start":{"line":68,"column":12},"end":{"line":73,"column":null}}],"line":65}},"s":{"0":47,"1":47,"2":47,"3":31,"4":47,"5":18,"6":47},"f":{"0":47,"1":31,"2":18},"b":{"0":[31,16],"1":[47,31],"2":[47,1],"3":[31,16],"4":[1,15],"5":[0,15]},"meta":{"lastBranch":6,"lastFunction":3,"lastStatement":7,"seen":{"f:10:16:10:28":0,"s:13:40:13:Infinity":0,"s:16:23:16:Infinity":1,"s:17:20:17:Infinity":2,"f:17:36:17:42":1,"s:17:48:17:66":3,"s:24:6:28:Infinity":4,"f:26:4:26:19":2,"s:26:19:26:Infinity":5,"s:30:2:77:Infinity":6,"b:39:18:39:Infinity:40:18:40:Infinity":0,"b:43:11:43:24:43:24:44:Infinity":1,"b:46:9:46:Infinity:47:10:52:Infinity":2,"b:57:12:58:Infinity:58:14:73:Infinity":3,"b:59:12:65:19:65:14:73:Infinity":4,"b:66:12:68:13:68:12:73:Infinity":5},"fnNames":{}}}
,"/Volumes/SSD/Code with Mosh/Building App with Claude Code/Helpdesk/client/src/test/render.tsx": {"path":"/Volumes/SSD/Code with Mosh/Building App with Claude Code/Helpdesk/client/src/test/render.tsx","statementMap":{"0":{"start":{"line":13,"column":2},"end":{"line":18,"column":null}},"1":{"start":{"line":27,"column":22},"end":{"line":27,"column":null}},"2":{"start":{"line":30,"column":4},"end":{"line":35,"column":null}},"3":{"start":{"line":39,"column":2},"end":{"line":43,"column":null}}},"fnMap":{"0":{"name":"createTestQueryClient","decl":{"start":{"line":12,"column":16},"end":{"line":12,"column":40}},"loc":{"start":{"line":12,"column":40},"end":{"line":19,"column":null}},"line":12},"1":{"name":"renderWithProviders","decl":{"start":{"line":26,"column":16},"end":{"line":26,"column":36}},"loc":{"start":{"line":26,"column":54},"end":{"line":44,"column":null}},"line":26},"2":{"name":"Wrapper","decl":{"start":{"line":29,"column":11},"end":{"line":29,"column":19}},"loc":{"start":{"line":29,"column":58},"end":{"line":37,"column":null}},"line":29}},"branchMap":{},"s":{"0":16,"1":16,"2":16,"3":16},"f":{"0":16,"1":16,"2":16},"b":{},"meta":{"lastBranch":0,"lastFunction":3,"lastStatement":4,"seen":{"f:12:16:12:40":0,"s:13:2:18:Infinity":0,"f:26:16:26:36":1,"s:27:22:27:Infinity":1,"f:29:11:29:19":2,"s:30:4:35:Infinity":2,"s:39:2:43:Infinity":3},"fnNames":{}}}
}
